\BOOKMARK [1][-]{section.0.1}{\376\377\000M\000e\000t\000o\000d\000o\000l\000o\000g\000i\000a}{}% 1
\BOOKMARK [1][-]{section.0.2}{\376\377\000E\000s\000p\000e\000c\000i\000f\000i\000c\000a\000\347\000\343\000o\000:\000\040\000R\000e\000q\000u\000i\000s\000i\000t\000o\000s\000\040\000f\000u\000n\000c\000i\000o\000n\000a\000i\000s}{}% 2
\BOOKMARK [0][-]{chapter.1}{\376\377\000A\000r\000q\000u\000i\000t\000e\000t\000u\000r\000a\000\040\000d\000o\000\040\000S\000i\000s\000t\000e\000m\000a}{}% 3
\BOOKMARK [1][-]{section.1.1}{\376\377\000C\000o\000m\000p\000o\000n\000e\000n\000t\000e\000s\000:}{chapter.1}% 4
\BOOKMARK [1][-]{section.1.2}{\376\377\000D\000i\000a\000g\000r\000a\000m\000a\000\040\000d\000e\000\040\000E\000s\000t\000a\000d\000o\000s\000:}{chapter.1}% 5
\BOOKMARK [0][-]{chapter.2}{\376\377\000I\000m\000p\000l\000e\000m\000e\000n\000t\000a\000\347\000\343\000o}{}% 6
\BOOKMARK [1][-]{section.2.1}{\376\377\000F\000a\000s\000e\000\040\0001}{chapter.2}% 7
\BOOKMARK [2][-]{subsection.2.1.1}{\376\377\000S\000i\000n\000a\000i\000s\000\040\000d\000e\000\040\000E\000n\000t\000r\000a\000d\000a\000/\000S\000a\000\355\000d\000a\000:}{section.2.1}% 8
\BOOKMARK [1][-]{section.2.2}{\376\377\000F\000a\000s\000e\000\040\0002}{chapter.2}% 9
\BOOKMARK [2][-]{subsection.2.2.1}{\376\377\000S\000i\000n\000a\000i\000s\000\040\000d\000e\000\040\000E\000n\000t\000r\000a\000d\000a\000/\000S\000a\000\355\000d\000a\000:}{section.2.2}% 10
\BOOKMARK [1][-]{section.2.3}{\376\377\000F\000a\000s\000e\000\040\0003}{chapter.2}% 11
\BOOKMARK [1][-]{section.2.4}{\376\377\000F\000a\000s\000e\000\040\0004}{chapter.2}% 12
\BOOKMARK [1][-]{section.2.5}{\376\377\000F\000a\000s\000e\000\040\0005}{chapter.2}% 13
\BOOKMARK [1][-]{section.2.6}{\376\377\000F\000a\000s\000e\000\040\0006}{chapter.2}% 14
\BOOKMARK [1][-]{section.2.7}{\376\377\000F\000a\000s\000e\000\040\0007}{chapter.2}% 15
\BOOKMARK [0][-]{chapter.3}{\376\377\000V\000a\000l\000i\000d\000a\000\347\000\343\000o}{}% 16
\BOOKMARK [0][-]{chapter.4}{\376\377\000M\000a\000n\000u\000a\000l\000\040\000d\000e\000\040\000U\000t\000i\000l\000i\000z\000a\000d\000o\000r}{}% 17
\BOOKMARK [1][-]{section.4.1}{\376\377\000P\000r\000o\000g\000r\000a\000m\000a\000s\000\040\000d\000e\000\040\000l\000a\000v\000a\000g\000e\000m\000\040\000d\000i\000s\000p\000o\000n\000\355\000v\000e\000i\000s}{chapter.4}% 18
\BOOKMARK [1][-]{section.4.2}{\376\377\000I\000n\000t\000e\000r\000f\000a\000c\000e}{chapter.4}% 19
\BOOKMARK [2][-]{subsection.4.2.1}{\376\377\000B\000o\000t\000\365\000e\000s\000\040\000d\000e\000\040\000I\000n\000t\000e\000r\000a\000\347\000\343\000o}{section.4.2}% 20
\BOOKMARK [2][-]{subsection.4.2.2}{\376\377\000D\000i\000s\000p\000l\000a\000y\000s\000\040\000d\000e\000\040\000I\000n\000f\000o\000r\000m\000a\000\347\000\343\000o}{section.4.2}% 21
\BOOKMARK [0][-]{chapter.5}{\376\377\000C\000o\000n\000c\000l\000u\000s\000\343\000o}{}% 22
