Analysis & Synthesis report for WashingMachine
Fri Jun 17 09:30:52 2022
Quartus Prime Version 20.1.0 Build 711 06/05/2020 SJ Lite Edition


---------------------
; Table of Contents ;
---------------------
  1. Legal Notice
  2. Analysis & Synthesis Summary
  3. Analysis & Synthesis Settings
  4. Parallel Compilation
  5. Analysis & Synthesis Source Files Read
  6. Analysis & Synthesis Resource Usage Summary
  7. Analysis & Synthesis Resource Utilization by Entity
  8. State Machine - |WashingMachine|WashingFSM:fsm|pState
  9. User-Specified and Inferred Latches
 10. General Register Statistics
 11. Multiplexer Restructuring Statistics (Restructuring Performed)
 12. Parameter Settings for User Entity Instance: Pulser:pulse
 13. Post-Synthesis Netlist Statistics for Top Partition
 14. Elapsed Time Per Partition
 15. Analysis & Synthesis Messages



----------------
; Legal Notice ;
----------------
Copyright (C) 2020  Intel Corporation. All rights reserved.
Your use of Intel Corporation's design tools, logic functions 
and other software and tools, and any partner logic 
functions, and any output files from any of the foregoing 
(including device programming or simulation files), and any 
associated documentation or information are expressly subject 
to the terms and conditions of the Intel Program License 
Subscription Agreement, the Intel Quartus Prime License Agreement,
the Intel FPGA IP License Agreement, or other applicable license
agreement, including, without limitation, that your use is for
the sole purpose of programming logic devices manufactured by
Intel and sold by Intel or its authorized distributors.  Please
refer to the applicable agreement for further details, at
https://fpgasoftware.intel.com/eula.



+----------------------------------------------------------------------------------+
; Analysis & Synthesis Summary                                                     ;
+------------------------------------+---------------------------------------------+
; Analysis & Synthesis Status        ; Successful - Fri Jun 17 09:30:52 2022       ;
; Quartus Prime Version              ; 20.1.0 Build 711 06/05/2020 SJ Lite Edition ;
; Revision Name                      ; WashingMachine                              ;
; Top-level Entity Name              ; WashingMachine                              ;
; Family                             ; Cyclone IV E                                ;
; Total logic elements               ; 156                                         ;
;     Total combinational functions  ; 146                                         ;
;     Dedicated logic registers      ; 58                                          ;
; Total registers                    ; 58                                          ;
; Total pins                         ; 54                                          ;
; Total virtual pins                 ; 0                                           ;
; Total memory bits                  ; 0                                           ;
; Embedded Multiplier 9-bit elements ; 0                                           ;
; Total PLLs                         ; 0                                           ;
+------------------------------------+---------------------------------------------+


+------------------------------------------------------------------------------------------------------------+
; Analysis & Synthesis Settings                                                                              ;
+------------------------------------------------------------------+--------------------+--------------------+
; Option                                                           ; Setting            ; Default Value      ;
+------------------------------------------------------------------+--------------------+--------------------+
; Device                                                           ; EP4CE115F29C7      ;                    ;
; Top-level entity name                                            ; WashingMachine     ; WashingMachine     ;
; Family name                                                      ; Cyclone IV E       ; Cyclone V          ;
; VHDL Show LMF Mapping Messages                                   ; Off                ;                    ;
; VHDL Version                                                     ; VHDL_2008          ; VHDL_1993          ;
; Use smart compilation                                            ; Off                ; Off                ;
; Enable parallel Assembler and Timing Analyzer during compilation ; On                 ; On                 ;
; Enable compact report table                                      ; Off                ; Off                ;
; Restructure Multiplexers                                         ; Auto               ; Auto               ;
; Create Debugging Nodes for IP Cores                              ; Off                ; Off                ;
; Preserve fewer node names                                        ; On                 ; On                 ;
; Intel FPGA IP Evaluation Mode                                    ; Enable             ; Enable             ;
; Verilog Version                                                  ; Verilog_2001       ; Verilog_2001       ;
; State Machine Processing                                         ; Auto               ; Auto               ;
; Safe State Machine                                               ; Off                ; Off                ;
; Extract Verilog State Machines                                   ; On                 ; On                 ;
; Extract VHDL State Machines                                      ; On                 ; On                 ;
; Ignore Verilog initial constructs                                ; Off                ; Off                ;
; Iteration limit for constant Verilog loops                       ; 5000               ; 5000               ;
; Iteration limit for non-constant Verilog loops                   ; 250                ; 250                ;
; Add Pass-Through Logic to Inferred RAMs                          ; On                 ; On                 ;
; Infer RAMs from Raw Logic                                        ; On                 ; On                 ;
; Parallel Synthesis                                               ; On                 ; On                 ;
; DSP Block Balancing                                              ; Auto               ; Auto               ;
; NOT Gate Push-Back                                               ; On                 ; On                 ;
; Power-Up Don't Care                                              ; On                 ; On                 ;
; Remove Redundant Logic Cells                                     ; Off                ; Off                ;
; Remove Duplicate Registers                                       ; On                 ; On                 ;
; Ignore CARRY Buffers                                             ; Off                ; Off                ;
; Ignore CASCADE Buffers                                           ; Off                ; Off                ;
; Ignore GLOBAL Buffers                                            ; Off                ; Off                ;
; Ignore ROW GLOBAL Buffers                                        ; Off                ; Off                ;
; Ignore LCELL Buffers                                             ; Off                ; Off                ;
; Ignore SOFT Buffers                                              ; On                 ; On                 ;
; Limit AHDL Integers to 32 Bits                                   ; Off                ; Off                ;
; Optimization Technique                                           ; Balanced           ; Balanced           ;
; Carry Chain Length                                               ; 70                 ; 70                 ;
; Auto Carry Chains                                                ; On                 ; On                 ;
; Auto Open-Drain Pins                                             ; On                 ; On                 ;
; Perform WYSIWYG Primitive Resynthesis                            ; Off                ; Off                ;
; Auto ROM Replacement                                             ; On                 ; On                 ;
; Auto RAM Replacement                                             ; On                 ; On                 ;
; Auto DSP Block Replacement                                       ; On                 ; On                 ;
; Auto Shift Register Replacement                                  ; Auto               ; Auto               ;
; Allow Shift Register Merging across Hierarchies                  ; Auto               ; Auto               ;
; Auto Clock Enable Replacement                                    ; On                 ; On                 ;
; Strict RAM Replacement                                           ; Off                ; Off                ;
; Allow Synchronous Control Signals                                ; On                 ; On                 ;
; Force Use of Synchronous Clear Signals                           ; Off                ; Off                ;
; Auto RAM Block Balancing                                         ; On                 ; On                 ;
; Auto RAM to Logic Cell Conversion                                ; Off                ; Off                ;
; Auto Resource Sharing                                            ; Off                ; Off                ;
; Allow Any RAM Size For Recognition                               ; Off                ; Off                ;
; Allow Any ROM Size For Recognition                               ; Off                ; Off                ;
; Allow Any Shift Register Size For Recognition                    ; Off                ; Off                ;
; Use LogicLock Constraints during Resource Balancing              ; On                 ; On                 ;
; Ignore translate_off and synthesis_off directives                ; Off                ; Off                ;
; Timing-Driven Synthesis                                          ; On                 ; On                 ;
; Report Parameter Settings                                        ; On                 ; On                 ;
; Report Source Assignments                                        ; On                 ; On                 ;
; Report Connectivity Checks                                       ; On                 ; On                 ;
; Ignore Maximum Fan-Out Assignments                               ; Off                ; Off                ;
; Synchronization Register Chain Length                            ; 2                  ; 2                  ;
; Power Optimization During Synthesis                              ; Normal compilation ; Normal compilation ;
; HDL message level                                                ; Level2             ; Level2             ;
; Suppress Register Optimization Related Messages                  ; Off                ; Off                ;
; Number of Removed Registers Reported in Synthesis Report         ; 5000               ; 5000               ;
; Number of Swept Nodes Reported in Synthesis Report               ; 5000               ; 5000               ;
; Number of Inverted Registers Reported in Synthesis Report        ; 100                ; 100                ;
; Clock MUX Protection                                             ; On                 ; On                 ;
; Auto Gated Clock Conversion                                      ; Off                ; Off                ;
; Block Design Naming                                              ; Auto               ; Auto               ;
; SDC constraint protection                                        ; Off                ; Off                ;
; Synthesis Effort                                                 ; Auto               ; Auto               ;
; Shift Register Replacement - Allow Asynchronous Clear Signal     ; On                 ; On                 ;
; Pre-Mapping Resynthesis Optimization                             ; Off                ; Off                ;
; Analysis & Synthesis Message Level                               ; Medium             ; Medium             ;
; Disable Register Merging Across Hierarchies                      ; Auto               ; Auto               ;
; Resource Aware Inference For Block RAM                           ; On                 ; On                 ;
+------------------------------------------------------------------+--------------------+--------------------+


+------------------------------------------+
; Parallel Compilation                     ;
+----------------------------+-------------+
; Processors                 ; Number      ;
+----------------------------+-------------+
; Number detected on machine ; 8           ;
; Maximum allowed            ; 4           ;
;                            ;             ;
; Average used               ; 1.00        ;
; Maximum used               ; 4           ;
;                            ;             ;
; Usage by Processor         ; % Time Used ;
;     Processor 1            ; 100.0%      ;
;     Processors 2-4         ;   0.0%      ;
+----------------------------+-------------+


+----------------------------------------------------------------------------------------------------------------------------------------------------------------------------------------------+
; Analysis & Synthesis Source Files Read                                                                                                                                                       ;
+----------------------------------+-----------------+-----------------+-------------------------------------------------------------------------------------------------------------+---------+
; File Name with User-Entered Path ; Used in Netlist ; File Type       ; File Name with Absolute Path                                                                                ; Library ;
+----------------------------------+-----------------+-----------------+-------------------------------------------------------------------------------------------------------------+---------+
; RMan.vhd                         ; yes             ; User VHDL File  ; C:/Users/JP/Desktop/PROJECTO FINAL LSD GIT/projeto-final-lsd22/Washing_Machine_Quartus/RMan.vhd             ;         ;
; Timer_Register.vhd               ; yes             ; User VHDL File  ; C:/Users/JP/Desktop/PROJECTO FINAL LSD GIT/projeto-final-lsd22/Washing_Machine_Quartus/Timer_Register.vhd   ;         ;
; ControlPanel.vhd                 ; yes             ; User VHDL File  ; C:/Users/JP/Desktop/PROJECTO FINAL LSD GIT/projeto-final-lsd22/Washing_Machine_Quartus/ControlPanel.vhd     ;         ;
; WashingFSM.vhd                   ; yes             ; User VHDL File  ; C:/Users/JP/Desktop/PROJECTO FINAL LSD GIT/projeto-final-lsd22/Washing_Machine_Quartus/WashingFSM.vhd       ;         ;
; Bin7SegDecProg.vhd               ; yes             ; User VHDL File  ; C:/Users/JP/Desktop/PROJECTO FINAL LSD GIT/projeto-final-lsd22/Washing_Machine_Quartus/Bin7SegDecProg.vhd   ;         ;
; Timer.vhd                        ; yes             ; User VHDL File  ; C:/Users/JP/Desktop/PROJECTO FINAL LSD GIT/projeto-final-lsd22/Washing_Machine_Quartus/Timer.vhd            ;         ;
; Pulser.vhd                       ; yes             ; User VHDL File  ; C:/Users/JP/Desktop/PROJECTO FINAL LSD GIT/projeto-final-lsd22/Washing_Machine_Quartus/Pulser.vhd           ;         ;
; Bin7SegDec_Timer.vhd             ; yes             ; User VHDL File  ; C:/Users/JP/Desktop/PROJECTO FINAL LSD GIT/projeto-final-lsd22/Washing_Machine_Quartus/Bin7SegDec_Timer.vhd ;         ;
; JumpRegister.vhd                 ; yes             ; User VHDL File  ; C:/Users/JP/Desktop/PROJECTO FINAL LSD GIT/projeto-final-lsd22/Washing_Machine_Quartus/JumpRegister.vhd     ;         ;
; WashingMachine.vhd               ; yes             ; User VHDL File  ; C:/Users/JP/Desktop/PROJECTO FINAL LSD GIT/projeto-final-lsd22/Washing_Machine_Quartus/WashingMachine.vhd   ;         ;
+----------------------------------+-----------------+-----------------+-------------------------------------------------------------------------------------------------------------+---------+


+--------------------------------------------------------------+
; Analysis & Synthesis Resource Usage Summary                  ;
+---------------------------------------------+----------------+
; Resource                                    ; Usage          ;
+---------------------------------------------+----------------+
; Estimated Total logic elements              ; 156            ;
;                                             ;                ;
; Total combinational functions               ; 146            ;
; Logic element usage by number of LUT inputs ;                ;
;     -- 4 input functions                    ; 78             ;
;     -- 3 input functions                    ; 28             ;
;     -- <=2 input functions                  ; 40             ;
;                                             ;                ;
; Logic elements by mode                      ;                ;
;     -- normal mode                          ; 121            ;
;     -- arithmetic mode                      ; 25             ;
;                                             ;                ;
; Total registers                             ; 58             ;
;     -- Dedicated logic registers            ; 58             ;
;     -- I/O registers                        ; 0              ;
;                                             ;                ;
; I/O pins                                    ; 54             ;
;                                             ;                ;
; Embedded Multiplier 9-bit elements          ; 0              ;
;                                             ;                ;
; Maximum fan-out node                        ; CLOCK_50~input ;
; Maximum fan-out                             ; 49             ;
; Total fan-out                               ; 718            ;
; Average fan-out                             ; 2.30           ;
+---------------------------------------------+----------------+


+-------------------------------------------------------------------------------------------------------------------------------------------------------------------------------------------------------------------------------------------------+
; Analysis & Synthesis Resource Utilization by Entity                                                                                                                                                                                             ;
+------------------------------------+---------------------+---------------------------+-------------+--------------+---------+-----------+------+--------------+-----------------------------------------------+------------------+--------------+
; Compilation Hierarchy Node         ; Combinational ALUTs ; Dedicated Logic Registers ; Memory Bits ; DSP Elements ; DSP 9x9 ; DSP 18x18 ; Pins ; Virtual Pins ; Full Hierarchy Name                           ; Entity Name      ; Library Name ;
+------------------------------------+---------------------+---------------------------+-------------+--------------+---------+-----------+------+--------------+-----------------------------------------------+------------------+--------------+
; |WashingMachine                    ; 146 (0)             ; 58 (0)                    ; 0           ; 0            ; 0       ; 0         ; 54   ; 0            ; |WashingMachine                               ; WashingMachine   ; work         ;
;    |Bin7SegDecProg:display_prog|   ; 4 (4)               ; 0 (0)                     ; 0           ; 0            ; 0       ; 0         ; 0    ; 0            ; |WashingMachine|Bin7SegDecProg:display_prog   ; Bin7SegDecProg   ; work         ;
;    |Bin7SegDec_Timer:display_time| ; 46 (46)             ; 0 (0)                     ; 0           ; 0            ; 0       ; 0         ; 0    ; 0            ; |WashingMachine|Bin7SegDec_Timer:display_time ; Bin7SegDec_Timer ; work         ;
;    |ControlPanel:control|          ; 4 (4)               ; 8 (8)                     ; 0           ; 0            ; 0       ; 0         ; 0    ; 0            ; |WashingMachine|ControlPanel:control          ; ControlPanel     ; work         ;
;    |JumpRegister:statejumps|       ; 0 (0)               ; 2 (2)                     ; 0           ; 0            ; 0       ; 0         ; 0    ; 0            ; |WashingMachine|JumpRegister:statejumps       ; JumpRegister     ; work         ;
;    |Pulser:pulse|                  ; 37 (37)             ; 27 (27)                   ; 0           ; 0            ; 0       ; 0         ; 0    ; 0            ; |WashingMachine|Pulser:pulse                  ; Pulser           ; work         ;
;    |RMan:RMan|                     ; 1 (1)               ; 1 (1)                     ; 0           ; 0            ; 0       ; 0         ; 0    ; 0            ; |WashingMachine|RMan:RMan                     ; RMan             ; work         ;
;    |Timer:timer|                   ; 20 (20)             ; 9 (9)                     ; 0           ; 0            ; 0       ; 0         ; 0    ; 0            ; |WashingMachine|Timer:timer                   ; Timer            ; work         ;
;    |Timer_Register:timereg|        ; 0 (0)               ; 5 (5)                     ; 0           ; 0            ; 0       ; 0         ; 0    ; 0            ; |WashingMachine|Timer_Register:timereg        ; Timer_Register   ; work         ;
;    |WashingFSM:fsm|                ; 34 (34)             ; 6 (6)                     ; 0           ; 0            ; 0       ; 0         ; 0    ; 0            ; |WashingMachine|WashingFSM:fsm                ; WashingFSM       ; work         ;
+------------------------------------+---------------------+---------------------------+-------------+--------------+---------+-----------+------+--------------+-----------------------------------------------+------------------+--------------+
Note: For table entries with two numbers listed, the numbers in parentheses indicate the number of resources of the given type used by the specific entity alone. The numbers listed outside of parentheses indicate the total resources of the given type used by the specific entity and all of its sub-entities in the hierarchy.


Encoding Type:  One-Hot
+-----------------------------------------------------------------------------------+
; State Machine - |WashingMachine|WashingFSM:fsm|pState                             ;
+-----------+-----------+-----------+-----------+-----------+-----------+-----------+
; Name      ; pState.S5 ; pState.S4 ; pState.S3 ; pState.S2 ; pState.S1 ; pState.S0 ;
+-----------+-----------+-----------+-----------+-----------+-----------+-----------+
; pState.S0 ; 0         ; 0         ; 0         ; 0         ; 0         ; 0         ;
; pState.S1 ; 0         ; 0         ; 0         ; 0         ; 1         ; 1         ;
; pState.S2 ; 0         ; 0         ; 0         ; 1         ; 0         ; 1         ;
; pState.S3 ; 0         ; 0         ; 1         ; 0         ; 0         ; 1         ;
; pState.S4 ; 0         ; 1         ; 0         ; 0         ; 0         ; 1         ;
; pState.S5 ; 1         ; 0         ; 0         ; 0         ; 0         ; 1         ;
+-----------+-----------+-----------+-----------+-----------+-----------+-----------+


+---------------------------------------------------------------------------------------------------+
; User-Specified and Inferred Latches                                                               ;
+----------------------------------------------------+---------------------+------------------------+
; Latch Name                                         ; Latch Enable Signal ; Free of Timing Hazards ;
+----------------------------------------------------+---------------------+------------------------+
; Bin7SegDec_Timer:display_time|decUnit[0]           ; GND                 ; yes                    ;
; Bin7SegDec_Timer:display_time|decUnit[1]           ; GND                 ; yes                    ;
; Bin7SegDec_Timer:display_time|decUnit[2]           ; GND                 ; yes                    ;
; Bin7SegDec_Timer:display_time|decUnit[3]           ; GND                 ; yes                    ;
; Bin7SegDec_Timer:display_time|decUnit[4]           ; GND                 ; yes                    ;
; Bin7SegDec_Timer:display_time|decUnit[5]           ; GND                 ; yes                    ;
; Bin7SegDec_Timer:display_time|decUnit[6]           ; GND                 ; yes                    ;
; Number of user-specified and inferred latches = 7  ;                     ;                        ;
+----------------------------------------------------+---------------------+------------------------+
Note: All latches listed above may not be present at the end of synthesis due to various synthesis optimizations.


+------------------------------------------------------+
; General Register Statistics                          ;
+----------------------------------------------+-------+
; Statistic                                    ; Value ;
+----------------------------------------------+-------+
; Total registers                              ; 58    ;
; Number of registers using Synchronous Clear  ; 26    ;
; Number of registers using Synchronous Load   ; 0     ;
; Number of registers using Asynchronous Clear ; 7     ;
; Number of registers using Asynchronous Load  ; 0     ;
; Number of registers using Clock Enable       ; 7     ;
; Number of registers using Preset             ; 0     ;
+----------------------------------------------+-------+


+------------------------------------------------------------------------------------------------------------------------------------------------------------------------+
; Multiplexer Restructuring Statistics (Restructuring Performed)                                                                                                         ;
+--------------------+-----------+---------------+----------------------+------------------------+------------+----------------------------------------------------------+
; Multiplexer Inputs ; Bus Width ; Baseline Area ; Area if Restructured ; Saving if Restructured ; Registered ; Example Multiplexer Output                               ;
+--------------------+-----------+---------------+----------------------+------------------------+------------+----------------------------------------------------------+
; 3:1                ; 26 bits   ; 52 LEs        ; 26 LEs               ; 26 LEs                 ; Yes        ; |WashingMachine|Pulser:pulse|s_count[17]                 ;
; 5:1                ; 2 bits    ; 6 LEs         ; 6 LEs                ; 0 LEs                  ; Yes        ; |WashingMachine|Timer:timer|s_reset                      ;
; 5:1                ; 2 bits    ; 6 LEs         ; 2 LEs                ; 4 LEs                  ; Yes        ; |WashingMachine|ControlPanel:control|program[1]          ;
; 6:1                ; 3 bits    ; 12 LEs        ; 3 LEs                ; 9 LEs                  ; Yes        ; |WashingMachine|Timer:timer|s_countDoz[0]                ;
; 6:1                ; 4 bits    ; 16 LEs        ; 4 LEs                ; 12 LEs                 ; Yes        ; |WashingMachine|Timer:timer|s_countUnit[1]               ;
; 3:1                ; 3 bits    ; 6 LEs         ; 6 LEs                ; 0 LEs                  ; No         ; |WashingMachine|Bin7SegDecProg:display_prog|decOutSel[1] ;
; 9:1                ; 2 bits    ; 12 LEs        ; 8 LEs                ; 4 LEs                  ; No         ; |WashingMachine|Bin7SegDec_Timer:display_time|decDoz[6]  ;
; 17:1               ; 2 bits    ; 22 LEs        ; 12 LEs               ; 10 LEs                 ; No         ; |WashingMachine|Bin7SegDec_Timer:display_time|decUnit[6] ;
; 6:1                ; 2 bits    ; 8 LEs         ; 8 LEs                ; 0 LEs                  ; No         ; |WashingMachine|Bin7SegDec_Timer:display_time|decUnit[5] ;
+--------------------+-----------+---------------+----------------------+------------------------+------------+----------------------------------------------------------+


+-----------------------------------------------------------+
; Parameter Settings for User Entity Instance: Pulser:pulse ;
+----------------+----------+-------------------------------+
; Parameter Name ; Value    ; Type                          ;
+----------------+----------+-------------------------------+
; max            ; 50000000 ; Signed Integer                ;
+----------------+----------+-------------------------------+
Note: In order to hide this table in the UI and the text report file, please set the "Show Parameter Settings in Synthesis Report" option in "Analysis and Synthesis Settings -> More Settings" to "Off".


+-----------------------------------------------------+
; Post-Synthesis Netlist Statistics for Top Partition ;
+-----------------------+-----------------------------+
; Type                  ; Count                       ;
+-----------------------+-----------------------------+
; boundary_port         ; 54                          ;
; cycloneiii_ff         ; 58                          ;
;     CLR               ; 7                           ;
;     ENA               ; 7                           ;
;     SCLR              ; 26                          ;
;     plain             ; 18                          ;
; cycloneiii_lcell_comb ; 155                         ;
;     arith             ; 25                          ;
;         2 data inputs ; 25                          ;
;     normal            ; 130                         ;
;         0 data inputs ; 2                           ;
;         1 data inputs ; 9                           ;
;         2 data inputs ; 13                          ;
;         3 data inputs ; 28                          ;
;         4 data inputs ; 78                          ;
;                       ;                             ;
; Max LUT depth         ; 6.00                        ;
; Average LUT depth     ; 3.18                        ;
+-----------------------+-----------------------------+


+-------------------------------+
; Elapsed Time Per Partition    ;
+----------------+--------------+
; Partition Name ; Elapsed Time ;
+----------------+--------------+
; Top            ; 00:00:01     ;
+----------------+--------------+


+-------------------------------+
; Analysis & Synthesis Messages ;
+-------------------------------+
Info: *******************************************************************
Info: Running Quartus Prime Analysis & Synthesis
    Info: Version 20.1.0 Build 711 06/05/2020 SJ Lite Edition
    Info: Processing started: Fri Jun 17 09:30:38 2022
Info: Command: quartus_map --read_settings_files=on --write_settings_files=off WashingMachine -c WashingMachine
Warning (18236): Number of processors has not been specified which may cause overloading on shared machines.  Set the global assignment NUM_PARALLEL_PROCESSORS in your QSF to an appropriate value for best performance.
Info (20030): Parallel compilation is enabled and will use 4 of the 4 processors detected
Info (12021): Found 2 design units, including 1 entities, in source file rman.vhd
    Info (12022): Found design unit 1: RMan-Behavior File: C:/Users/JP/Desktop/PROJECTO FINAL LSD GIT/projeto-final-lsd22/Washing_Machine_Quartus/RMan.vhd Line: 13
    Info (12023): Found entity 1: RMan File: C:/Users/JP/Desktop/PROJECTO FINAL LSD GIT/projeto-final-lsd22/Washing_Machine_Quartus/RMan.vhd Line: 4
Info (12021): Found 2 design units, including 1 entities, in source file timer_register.vhd
    Info (12022): Found design unit 1: Timer_Register-Behavior File: C:/Users/JP/Desktop/PROJECTO FINAL LSD GIT/projeto-final-lsd22/Washing_Machine_Quartus/Timer_Register.vhd Line: 15
    Info (12023): Found entity 1: Timer_Register File: C:/Users/JP/Desktop/PROJECTO FINAL LSD GIT/projeto-final-lsd22/Washing_Machine_Quartus/Timer_Register.vhd Line: 4
Info (12021): Found 1 design units, including 1 entities, in source file washingmachine_blocksdiagram_guide.bdf
    Info (12023): Found entity 1: WashingMachine_BlocksDiagram_Guide
Info (12021): Found 2 design units, including 1 entities, in source file controlpanel.vhd
    Info (12022): Found design unit 1: ControlPanel-Behavior File: C:/Users/JP/Desktop/PROJECTO FINAL LSD GIT/projeto-final-lsd22/Washing_Machine_Quartus/ControlPanel.vhd Line: 25
    Info (12023): Found entity 1: ControlPanel File: C:/Users/JP/Desktop/PROJECTO FINAL LSD GIT/projeto-final-lsd22/Washing_Machine_Quartus/ControlPanel.vhd Line: 4
Info (12021): Found 2 design units, including 1 entities, in source file washingfsm.vhd
    Info (12022): Found design unit 1: WashingFSM-Behavior File: C:/Users/JP/Desktop/PROJECTO FINAL LSD GIT/projeto-final-lsd22/Washing_Machine_Quartus/WashingFSM.vhd Line: 22
    Info (12023): Found entity 1: WashingFSM File: C:/Users/JP/Desktop/PROJECTO FINAL LSD GIT/projeto-final-lsd22/Washing_Machine_Quartus/WashingFSM.vhd Line: 4
Info (12021): Found 2 design units, including 1 entities, in source file bin7segdecprog.vhd
    Info (12022): Found design unit 1: Bin7SegDecProg-Behavior File: C:/Users/JP/Desktop/PROJECTO FINAL LSD GIT/projeto-final-lsd22/Washing_Machine_Quartus/Bin7SegDecProg.vhd Line: 15
    Info (12023): Found entity 1: Bin7SegDecProg File: C:/Users/JP/Desktop/PROJECTO FINAL LSD GIT/projeto-final-lsd22/Washing_Machine_Quartus/Bin7SegDecProg.vhd Line: 5
Info (12021): Found 2 design units, including 1 entities, in source file timer.vhd
    Info (12022): Found design unit 1: Timer-Behavior File: C:/Users/JP/Desktop/PROJECTO FINAL LSD GIT/projeto-final-lsd22/Washing_Machine_Quartus/Timer.vhd Line: 18
    Info (12023): Found entity 1: Timer File: C:/Users/JP/Desktop/PROJECTO FINAL LSD GIT/projeto-final-lsd22/Washing_Machine_Quartus/Timer.vhd Line: 6
Info (12021): Found 2 design units, including 1 entities, in source file pulser.vhd
    Info (12022): Found design unit 1: Pulser-Behavior File: C:/Users/JP/Desktop/PROJECTO FINAL LSD GIT/projeto-final-lsd22/Washing_Machine_Quartus/Pulser.vhd Line: 15
    Info (12023): Found entity 1: Pulser File: C:/Users/JP/Desktop/PROJECTO FINAL LSD GIT/projeto-final-lsd22/Washing_Machine_Quartus/Pulser.vhd Line: 7
Info (12021): Found 2 design units, including 1 entities, in source file bin7segdec_timer.vhd
    Info (12022): Found design unit 1: Bin7SegDec_Timer-Behavior File: C:/Users/JP/Desktop/PROJECTO FINAL LSD GIT/projeto-final-lsd22/Washing_Machine_Quartus/Bin7SegDec_Timer.vhd Line: 17
    Info (12023): Found entity 1: Bin7SegDec_Timer File: C:/Users/JP/Desktop/PROJECTO FINAL LSD GIT/projeto-final-lsd22/Washing_Machine_Quartus/Bin7SegDec_Timer.vhd Line: 6
Info (12021): Found 2 design units, including 1 entities, in source file jumpregister.vhd
    Info (12022): Found design unit 1: JumpRegister-Behavior File: C:/Users/JP/Desktop/PROJECTO FINAL LSD GIT/projeto-final-lsd22/Washing_Machine_Quartus/JumpRegister.vhd Line: 13
    Info (12023): Found entity 1: JumpRegister File: C:/Users/JP/Desktop/PROJECTO FINAL LSD GIT/projeto-final-lsd22/Washing_Machine_Quartus/JumpRegister.vhd Line: 4
Info (12021): Found 2 design units, including 1 entities, in source file washingmachine.vhd
    Info (12022): Found design unit 1: WashingMachine-Shell File: C:/Users/JP/Desktop/PROJECTO FINAL LSD GIT/projeto-final-lsd22/Washing_Machine_Quartus/WashingMachine.vhd Line: 18
    Info (12023): Found entity 1: WashingMachine File: C:/Users/JP/Desktop/PROJECTO FINAL LSD GIT/projeto-final-lsd22/Washing_Machine_Quartus/WashingMachine.vhd Line: 7
Info (12021): Found 1 design units, including 1 entities, in source file washingmachine_mainblock.bdf
    Info (12023): Found entity 1: WashingMachine_MainBlock
Info (12021): Found 2 design units, including 1 entities, in source file controlpanel_tb.vhd
    Info (12022): Found design unit 1: ControlPanel_Tb-Stimulus File: C:/Users/JP/Desktop/PROJECTO FINAL LSD GIT/projeto-final-lsd22/Washing_Machine_Quartus/ControlPanel_Tb.vhd Line: 7
    Info (12023): Found entity 1: ControlPanel_Tb File: C:/Users/JP/Desktop/PROJECTO FINAL LSD GIT/projeto-final-lsd22/Washing_Machine_Quartus/ControlPanel_Tb.vhd Line: 4
Info (12021): Found 2 design units, including 1 entities, in source file washingfsm_tb.vhd
    Info (12022): Found design unit 1: WashingFSM_Tb-Stimulus File: C:/Users/JP/Desktop/PROJECTO FINAL LSD GIT/projeto-final-lsd22/Washing_Machine_Quartus/WashingFSM_Tb.vhd Line: 9
    Info (12023): Found entity 1: WashingFSM_Tb File: C:/Users/JP/Desktop/PROJECTO FINAL LSD GIT/projeto-final-lsd22/Washing_Machine_Quartus/WashingFSM_Tb.vhd Line: 6
Info (12021): Found 2 design units, including 1 entities, in source file timer_tb.vhd
    Info (12022): Found design unit 1: Timer_Tb-Stimulus File: C:/Users/JP/Desktop/PROJECTO FINAL LSD GIT/projeto-final-lsd22/Washing_Machine_Quartus/Timer_Tb.vhd Line: 7
    Info (12023): Found entity 1: Timer_Tb File: C:/Users/JP/Desktop/PROJECTO FINAL LSD GIT/projeto-final-lsd22/Washing_Machine_Quartus/Timer_Tb.vhd Line: 4
Info (12021): Found 2 design units, including 1 entities, in source file jumpregister_tb.vhd
    Info (12022): Found design unit 1: JumpRegister_Tb-Stimulus File: C:/Users/JP/Desktop/PROJECTO FINAL LSD GIT/projeto-final-lsd22/Washing_Machine_Quartus/JumpRegister_Tb.vhd Line: 7
    Info (12023): Found entity 1: JumpRegister_Tb File: C:/Users/JP/Desktop/PROJECTO FINAL LSD GIT/projeto-final-lsd22/Washing_Machine_Quartus/JumpRegister_Tb.vhd Line: 4
Info (12021): Found 2 design units, including 1 entities, in source file bin7segdec_timer_tb.vhd
    Info (12022): Found design unit 1: Bin7SegDec_Timer_Tb-Stimulus File: C:/Users/JP/Desktop/PROJECTO FINAL LSD GIT/projeto-final-lsd22/Washing_Machine_Quartus/Bin7SegDec_Timer_Tb.vhd Line: 7
    Info (12023): Found entity 1: Bin7SegDec_Timer_Tb File: C:/Users/JP/Desktop/PROJECTO FINAL LSD GIT/projeto-final-lsd22/Washing_Machine_Quartus/Bin7SegDec_Timer_Tb.vhd Line: 4
Info (12021): Found 2 design units, including 1 entities, in source file bin7segdecprog_tb.vhd
    Info (12022): Found design unit 1: Bin7SegDecProg_Tb-Stimulus File: C:/Users/JP/Desktop/PROJECTO FINAL LSD GIT/projeto-final-lsd22/Washing_Machine_Quartus/Bin7SegDecProg_Tb.vhd Line: 7
    Info (12023): Found entity 1: Bin7SegDecProg_Tb File: C:/Users/JP/Desktop/PROJECTO FINAL LSD GIT/projeto-final-lsd22/Washing_Machine_Quartus/Bin7SegDecProg_Tb.vhd Line: 4
Info (12021): Found 2 design units, including 1 entities, in source file washingmachine_tb.vhd
    Info (12022): Found design unit 1: WashingMachine_Tb-Stimulus File: C:/Users/JP/Desktop/PROJECTO FINAL LSD GIT/projeto-final-lsd22/Washing_Machine_Quartus/WashingMachine_Tb.vhd Line: 7
    Info (12023): Found entity 1: WashingMachine_Tb File: C:/Users/JP/Desktop/PROJECTO FINAL LSD GIT/projeto-final-lsd22/Washing_Machine_Quartus/WashingMachine_Tb.vhd Line: 4
Info (12127): Elaborating entity "WashingMachine" for the top level hierarchy
Warning (10873): Using initial value X (don't care) for net "LEDR[13..4]" at WashingMachine.vhd(11) File: C:/Users/JP/Desktop/PROJECTO FINAL LSD GIT/projeto-final-lsd22/Washing_Machine_Quartus/WashingMachine.vhd Line: 11
Info (12129): Elaborating entity "ControlPanel" using architecture "A:behavior" for hierarchy "ControlPanel:control" File: C:/Users/JP/Desktop/PROJECTO FINAL LSD GIT/projeto-final-lsd22/Washing_Machine_Quartus/WashingMachine.vhd Line: 56
Info (12129): Elaborating entity "WashingFSM" using architecture "A:behavior" for hierarchy "WashingFSM:fsm" File: C:/Users/JP/Desktop/PROJECTO FINAL LSD GIT/projeto-final-lsd22/Washing_Machine_Quartus/WashingMachine.vhd Line: 75
Info (12129): Elaborating entity "JumpRegister" using architecture "A:behavior" for hierarchy "JumpRegister:statejumps" File: C:/Users/JP/Desktop/PROJECTO FINAL LSD GIT/projeto-final-lsd22/Washing_Machine_Quartus/WashingMachine.vhd Line: 95
Info (12129): Elaborating entity "Bin7SegDecProg" using architecture "A:behavior" for hierarchy "Bin7SegDecProg:display_prog" File: C:/Users/JP/Desktop/PROJECTO FINAL LSD GIT/projeto-final-lsd22/Washing_Machine_Quartus/WashingMachine.vhd Line: 105
Info (12129): Elaborating entity "Pulser" using architecture "A:behavior" for hierarchy "Pulser:pulse" File: C:/Users/JP/Desktop/PROJECTO FINAL LSD GIT/projeto-final-lsd22/Washing_Machine_Quartus/WashingMachine.vhd Line: 115
Info (12129): Elaborating entity "RMan" using architecture "A:behavior" for hierarchy "RMan:RMan" File: C:/Users/JP/Desktop/PROJECTO FINAL LSD GIT/projeto-final-lsd22/Washing_Machine_Quartus/WashingMachine.vhd Line: 124
Info (12129): Elaborating entity "Timer_Register" using architecture "A:behavior" for hierarchy "Timer_Register:timereg" File: C:/Users/JP/Desktop/PROJECTO FINAL LSD GIT/projeto-final-lsd22/Washing_Machine_Quartus/WashingMachine.vhd Line: 134
Info (12129): Elaborating entity "Timer" using architecture "A:behavior" for hierarchy "Timer:timer" File: C:/Users/JP/Desktop/PROJECTO FINAL LSD GIT/projeto-final-lsd22/Washing_Machine_Quartus/WashingMachine.vhd Line: 146
Info (12129): Elaborating entity "Bin7SegDec_Timer" using architecture "A:behavior" for hierarchy "Bin7SegDec_Timer:display_time" File: C:/Users/JP/Desktop/PROJECTO FINAL LSD GIT/projeto-final-lsd22/Washing_Machine_Quartus/WashingMachine.vhd Line: 161
Info (10041): Inferred latch for "decUnit[0]" at Bin7SegDec_Timer.vhd(23) File: C:/Users/JP/Desktop/PROJECTO FINAL LSD GIT/projeto-final-lsd22/Washing_Machine_Quartus/Bin7SegDec_Timer.vhd Line: 23
Info (10041): Inferred latch for "decUnit[1]" at Bin7SegDec_Timer.vhd(23) File: C:/Users/JP/Desktop/PROJECTO FINAL LSD GIT/projeto-final-lsd22/Washing_Machine_Quartus/Bin7SegDec_Timer.vhd Line: 23
Info (10041): Inferred latch for "decUnit[2]" at Bin7SegDec_Timer.vhd(23) File: C:/Users/JP/Desktop/PROJECTO FINAL LSD GIT/projeto-final-lsd22/Washing_Machine_Quartus/Bin7SegDec_Timer.vhd Line: 23
Info (10041): Inferred latch for "decUnit[3]" at Bin7SegDec_Timer.vhd(23) File: C:/Users/JP/Desktop/PROJECTO FINAL LSD GIT/projeto-final-lsd22/Washing_Machine_Quartus/Bin7SegDec_Timer.vhd Line: 23
Info (10041): Inferred latch for "decUnit[4]" at Bin7SegDec_Timer.vhd(23) File: C:/Users/JP/Desktop/PROJECTO FINAL LSD GIT/projeto-final-lsd22/Washing_Machine_Quartus/Bin7SegDec_Timer.vhd Line: 23
Info (10041): Inferred latch for "decUnit[5]" at Bin7SegDec_Timer.vhd(23) File: C:/Users/JP/Desktop/PROJECTO FINAL LSD GIT/projeto-final-lsd22/Washing_Machine_Quartus/Bin7SegDec_Timer.vhd Line: 23
Info (10041): Inferred latch for "decUnit[6]" at Bin7SegDec_Timer.vhd(23) File: C:/Users/JP/Desktop/PROJECTO FINAL LSD GIT/projeto-final-lsd22/Washing_Machine_Quartus/Bin7SegDec_Timer.vhd Line: 23
Warning (13024): Output pins are stuck at VCC or GND
    Warning (13410): Pin "LEDR[4]" is stuck at GND File: C:/Users/JP/Desktop/PROJECTO FINAL LSD GIT/projeto-final-lsd22/Washing_Machine_Quartus/WashingMachine.vhd Line: 11
    Warning (13410): Pin "LEDR[5]" is stuck at GND File: C:/Users/JP/Desktop/PROJECTO FINAL LSD GIT/projeto-final-lsd22/Washing_Machine_Quartus/WashingMachine.vhd Line: 11
    Warning (13410): Pin "LEDR[6]" is stuck at GND File: C:/Users/JP/Desktop/PROJECTO FINAL LSD GIT/projeto-final-lsd22/Washing_Machine_Quartus/WashingMachine.vhd Line: 11
    Warning (13410): Pin "LEDR[7]" is stuck at GND File: C:/Users/JP/Desktop/PROJECTO FINAL LSD GIT/projeto-final-lsd22/Washing_Machine_Quartus/WashingMachine.vhd Line: 11
    Warning (13410): Pin "LEDR[8]" is stuck at GND File: C:/Users/JP/Desktop/PROJECTO FINAL LSD GIT/projeto-final-lsd22/Washing_Machine_Quartus/WashingMachine.vhd Line: 11
    Warning (13410): Pin "LEDR[9]" is stuck at GND File: C:/Users/JP/Desktop/PROJECTO FINAL LSD GIT/projeto-final-lsd22/Washing_Machine_Quartus/WashingMachine.vhd Line: 11
    Warning (13410): Pin "LEDR[10]" is stuck at GND File: C:/Users/JP/Desktop/PROJECTO FINAL LSD GIT/projeto-final-lsd22/Washing_Machine_Quartus/WashingMachine.vhd Line: 11
    Warning (13410): Pin "LEDR[11]" is stuck at GND File: C:/Users/JP/Desktop/PROJECTO FINAL LSD GIT/projeto-final-lsd22/Washing_Machine_Quartus/WashingMachine.vhd Line: 11
    Warning (13410): Pin "LEDR[12]" is stuck at GND File: C:/Users/JP/Desktop/PROJECTO FINAL LSD GIT/projeto-final-lsd22/Washing_Machine_Quartus/WashingMachine.vhd Line: 11
    Warning (13410): Pin "LEDR[13]" is stuck at GND File: C:/Users/JP/Desktop/PROJECTO FINAL LSD GIT/projeto-final-lsd22/Washing_Machine_Quartus/WashingMachine.vhd Line: 11
    Warning (13410): Pin "HEX6[5]" is stuck at VCC File: C:/Users/JP/Desktop/PROJECTO FINAL LSD GIT/projeto-final-lsd22/Washing_Machine_Quartus/WashingMachine.vhd Line: 14
    Warning (13410): Pin "HEX7[2]" is stuck at VCC File: C:/Users/JP/Desktop/PROJECTO FINAL LSD GIT/projeto-final-lsd22/Washing_Machine_Quartus/WashingMachine.vhd Line: 15
    Warning (13410): Pin "HEX7[3]" is stuck at VCC File: C:/Users/JP/Desktop/PROJECTO FINAL LSD GIT/projeto-final-lsd22/Washing_Machine_Quartus/WashingMachine.vhd Line: 15
Info (286030): Timing-Driven Synthesis is running
Info (16010): Generating hard_block partition "hard_block:auto_generated_inst"
    Info (16011): Adding 0 node(s), including 0 DDIO, 0 PLL, 0 transceiver and 0 LCELL
Info (21057): Implemented 210 device resources after synthesis - the final resource count might be different
    Info (21058): Implemented 7 input pins
    Info (21059): Implemented 47 output pins
    Info (21061): Implemented 156 logic cells
Info: Quartus Prime Analysis & Synthesis was successful. 0 errors, 16 warnings
    Info: Peak virtual memory: 4781 megabytes
    Info: Processing ended: Fri Jun 17 09:30:52 2022
    Info: Elapsed time: 00:00:14
    Info: Total CPU time (on all processors): 00:00:29


