\BOOKMARK [0][-]{chapter.1}{\376\377\000I\000n\000t\000r\000o\000d\000u\000\347\000\343\000o}{}% 1
\BOOKMARK [1][-]{section.1.1}{\376\377\000E\000n\000q\000u\000a\000d\000r\000a\000m\000e\000n\000t\000o}{chapter.1}% 2
\BOOKMARK [0][-]{chapter.2}{\376\377\000F\000u\000n\000c\000i\000o\000n\000a\000m\000e\000n\000t\000o\000\040\000P\000r\000e\000v\000i\000s\000t\000o\000\040\000d\000o\000\040\000W\000e\000b\000s\000i\000t\000e}{}% 3
\BOOKMARK [1][-]{section.2.1}{\376\377\000H\000o\000m\000e\000\040\000P\000a\000g\000e}{chapter.2}% 4
\BOOKMARK [1][-]{section.2.2}{\376\377\000P\000e\000s\000q\000u\000i\000s\000a}{chapter.2}% 5
\BOOKMARK [1][-]{section.2.3}{\376\377\000S\000i\000g\000n\000\040\000u\000p}{chapter.2}% 6
\BOOKMARK [1][-]{section.2.4}{\376\377\000L\000o\000g\000i\000n}{chapter.2}% 7
\BOOKMARK [1][-]{section.2.5}{\376\377\000C\000u\000s\000t\000o\000m\000e\000r\000\040\000A\000r\000e\000a}{chapter.2}% 8
\BOOKMARK [0][-]{chapter.3}{\376\377\000V\000u\000l\000n\000e\000r\000a\000b\000i\000l\000i\000d\000a\000d\000e\000s\000\040\000e\000\040\000C\000o\000r\000r\000e\000c\000\347\000\365\000e\000s}{}% 9
\BOOKMARK [1][-]{section.3.1}{\376\377\000C\000W\000E\000-\0002\0000\000:\000\040\000I\000m\000p\000r\000o\000p\000e\000r\000\040\000I\000n\000p\000u\000t\000\040\000V\000a\000l\000i\000d\000a\000t\000i\000o\000n}{chapter.3}% 10
\BOOKMARK [1][-]{section.3.2}{\376\377\000C\000W\000E\000-\0007\0009\000:\000\040\000I\000m\000p\000r\000o\000p\000e\000r\000\040\000N\000e\000u\000t\000r\000a\000l\000i\000z\000a\000t\000i\000o\000n\000\040\000o\000f\000\040\000I\000n\000p\000u\000t\000\040\000D\000u\000r\000i\000n\000g\000\040\000W\000e\000b\000\040\000P\000a\000g\000e\000\040\000G\000e\000n\000e\000r\000a\000t\000i\000o\000n\000\040\000\050\000'\000C\000r\000o\000s\000s\000-\000s\000i\000t\000e\000\040\000S\000c\000r\000i\000p\000t\000i\000n\000g\000'\000\051}{chapter.3}% 11
\BOOKMARK [1][-]{section.3.3}{\376\377\000C\000W\000E\000-\0008\0009\000:\000\040\000I\000m\000p\000r\000o\000p\000e\000r\000\040\000N\000e\000u\000t\000r\000a\000l\000i\000z\000a\000t\000i\000o\000n\000\040\000o\000f\000\040\000S\000p\000e\000c\000i\000a\000l\000\040\000E\000l\000e\000m\000e\000n\000t\000s\000\040\000u\000s\000e\000d\000\040\000i\000n\000\040\000a\000n\000\040\000S\000Q\000L\000\040\000C\000o\000m\000m\000a\000n\000d\000\040\000\050\000'\000S\000Q\000L\000\040\000I\000n\000j\000e\000c\000t\000i\000o\000n\000'\000\051}{chapter.3}% 12
\BOOKMARK [1][-]{section.3.4}{\376\377\000C\000W\000E\000-\0002\0000\0000\000:\000\040\000E\000x\000p\000o\000s\000u\000r\000e\000\040\000o\000f\000\040\000S\000e\000n\000s\000i\000t\000i\000v\000e\000\040\000I\000n\000f\000o\000r\000m\000a\000t\000i\000o\000n\000\040\000t\000o\000\040\000a\000n\000\040\000U\000n\000a\000u\000t\000h\000o\000r\000i\000z\000e\000d\000\040\000A\000c\000t\000o\000r}{chapter.3}% 13
\BOOKMARK [1][-]{section.3.5}{\376\377\000C\000W\000E\000-\0002\0005\0006\000:\000\040\000P\000l\000a\000i\000n\000t\000e\000x\000t\000\040\000S\000t\000o\000r\000a\000g\000e\000\040\000o\000f\000\040\000a\000\040\000P\000a\000s\000s\000w\000o\000r\000d}{chapter.3}% 14
\BOOKMARK [1][-]{section.3.6}{\376\377\000C\000W\000E\000-\0002\0008\0004\000:\000\040\000I\000m\000p\000r\000o\000p\000e\000r\000\040\000A\000c\000c\000e\000s\000s\000\040\000C\000o\000n\000t\000r\000o\000l}{chapter.3}% 15
\BOOKMARK [1][-]{section.3.7}{\376\377\000C\000W\000E\000-\0003\0000\0007\000:\000\040\000I\000m\000p\000r\000o\000p\000e\000r\000\040\000R\000e\000s\000t\000r\000i\000c\000t\000i\000o\000n\000\040\000o\000f\000\040\000E\000x\000c\000e\000s\000s\000i\000v\000e\000\040\000A\000u\000t\000h\000e\000n\000t\000i\000c\000a\000t\000i\000o\000n\000\040\000A\000t\000t\000e\000m\000p\000t\000s}{chapter.3}% 16
\BOOKMARK [1][-]{section.3.8}{\376\377\000C\000W\000E\000-\0003\0001\0001\000:\000\040\000M\000i\000s\000s\000i\000n\000g\000\040\000E\000n\000c\000r\000y\000p\000t\000i\000o\000n\000\040\000o\000f\000\040\000S\000e\000n\000s\000i\000t\000i\000v\000e\000\040\000D\000a\000t\000a}{chapter.3}% 17
\BOOKMARK [1][-]{section.3.9}{\376\377\000C\000W\000E\000-\0003\0001\0009\000:\000\040\000C\000l\000e\000a\000r\000t\000e\000x\000t\000\040\000T\000r\000a\000n\000s\000m\000i\000s\000s\000i\000o\000n\000\040\000o\000f\000\040\000S\000e\000n\000s\000i\000t\000i\000v\000e\000\040\000I\000n\000f\000o\000r\000m\000a\000t\000i\000o\000n}{chapter.3}% 18
\BOOKMARK [1][-]{section.3.10}{\376\377\000C\000W\000E\000-\0004\0007\0002\000:\000\040\000E\000x\000t\000e\000r\000n\000a\000l\000\040\000C\000o\000n\000t\000r\000o\000l\000\040\000o\000f\000\040\000A\000s\000s\000u\000m\000e\000d\000-\000I\000m\000m\000u\000t\000a\000b\000l\000e\000\040\000W\000e\000b\000\040\000P\000a\000r\000a\000m\000e\000t\000e\000r}{chapter.3}% 19
\BOOKMARK [1][-]{section.3.11}{\376\377\000C\000W\000E\000-\0005\0002\0001\000:\000\040\000W\000e\000a\000k\000\040\000P\000a\000s\000s\000w\000o\000r\000d\000\040\000R\000e\000q\000u\000i\000r\000e\000m\000e\000n\000t\000s}{chapter.3}% 20
\BOOKMARK [1][-]{section.3.12}{\376\377\000C\000W\000E\000-\0005\0004\0001\000:\000\040\000I\000n\000c\000l\000u\000s\000i\000o\000n\000\040\000o\000f\000\040\000S\000e\000n\000s\000i\000t\000i\000v\000e\000\040\000I\000n\000f\000o\000r\000m\000a\000t\000i\000o\000n\000\040\000i\000n\000\040\000a\000n\000\040\000I\000n\000c\000l\000u\000d\000e\000\040\000F\000i\000l\000e}{chapter.3}% 21
\BOOKMARK [1][-]{section.3.13}{\376\377\000C\000W\000E\000-\0005\0004\0009\000:\000\040\000M\000i\000s\000s\000i\000n\000g\000\040\000P\000a\000s\000s\000w\000o\000r\000d\000\040\000F\000i\000e\000l\000d\000\040\000M\000a\000s\000k\000i\000n\000g}{chapter.3}% 22
\BOOKMARK [1][-]{section.3.14}{\376\377\000C\000W\000E\000-\0006\0002\0000\000:\000\040\000U\000n\000v\000e\000r\000i\000f\000i\000e\000d\000\040\000P\000a\000s\000s\000w\000o\000r\000d\000\040\000C\000h\000a\000n\000g\000e}{chapter.3}% 23
\BOOKMARK [1][-]{section.3.15}{\376\377\000C\000W\000E\000-\0007\0001\0000\000:\000\040\000I\000m\000p\000r\000o\000p\000e\000r\000\040\000A\000d\000h\000e\000r\000e\000n\000c\000e\000\040\000t\000o\000\040\000C\000o\000d\000i\000n\000g\000\040\000S\000t\000a\000n\000d\000a\000r\000d\000s\000\040\000e\000\040\000C\000W\000E\000-\0001\0000\0000\0006\000:\000\040\000B\000a\000d\000\040\000C\000o\000d\000i\000n\000g\000\040\000P\000r\000a\000c\000t\000i\000c\000e\000s}{chapter.3}% 24
\BOOKMARK [1][-]{section.3.16}{\376\377\000V\000u\000l\000n\000e\000r\000a\000b\000i\000l\000i\000d\000a\000d\000e\000\040\000s\000u\000b\000t\000i\000l\000\040\000-\000\040\000L\000i\000g\000h\000t\000\040\000A\000n\000a\000l\000y\000s\000i\000s\000\040\000F\000a\000i\000l\000u\000r\000e}{chapter.3}% 25
