This is pdfTeX, Version 3.14159265-2.6-1.40.20 (TeX Live 2019/Debian) (preloaded format=pdflatex 2021.1.7)  31 MAY 2021 00:40
entering extended mode
 restricted \write18 enabled.
 %&-line parsing enabled.
**Relatorio.tex
(./Relatorio.tex
LaTeX2e <2020-02-02> patch level 2
L3 programming layer <2020-02-14> (./packages.tex
(/usr/share/texlive/texmf-dist/tex/latex/base/report.cls
Document Class: report 2019/12/20 v1.4l Standard LaTeX document class
(/usr/share/texlive/texmf-dist/tex/latex/base/size10.clo
File: size10.clo 2019/12/20 v1.4l Standard LaTeX file (size option)
)
\c@part=\count167
\c@chapter=\count168
\c@section=\count169
\c@subsection=\count170
\c@subsubsection=\count171
\c@paragraph=\count172
\c@subparagraph=\count173
\c@figure=\count174
\c@table=\count175
\abovecaptionskip=\skip47
\belowcaptionskip=\skip48
\bibindent=\dimen134
)
(/usr/share/texlive/texmf-dist/tex/latex/base/fontenc.sty
Package: fontenc 2020/02/11 v2.0o Standard LaTeX package
)
(/usr/share/texlive/texmf-dist/tex/latex/base/inputenc.sty
Package: inputenc 2018/08/11 v1.3c Input encoding file
\inpenc@prehook=\toks14
\inpenc@posthook=\toks15
)
(/usr/share/texlive/texmf-dist/tex/latex/geometry/geometry.sty
Package: geometry 2020/01/02 v5.9 Page Geometry

(/usr/share/texlive/texmf-dist/tex/latex/graphics/keyval.sty
Package: keyval 2014/10/28 v1.15 key=value parser (DPC)
\KV@toks@=\toks16
)
(/usr/share/texlive/texmf-dist/tex/generic/iftex/ifvtex.sty
Package: ifvtex 2019/10/25 v1.7 ifvtex legacy package. Use iftex instead.

(/usr/share/texlive/texmf-dist/tex/generic/iftex/iftex.sty
Package: iftex 2019/11/07 v1.0c TeX engine tests
))
\Gm@cnth=\count176
\Gm@cntv=\count177
\c@Gm@tempcnt=\count178
\Gm@bindingoffset=\dimen135
\Gm@wd@mp=\dimen136
\Gm@odd@mp=\dimen137
\Gm@even@mp=\dimen138
\Gm@layoutwidth=\dimen139
\Gm@layoutheight=\dimen140
\Gm@layouthoffset=\dimen141
\Gm@layoutvoffset=\dimen142
\Gm@dimlist=\toks17
)
(/usr/share/texlive/texmf-dist/tex/latex/xcolor/xcolor.sty
Package: xcolor 2016/05/11 v2.12 LaTeX color extensions (UK)

(/usr/share/texlive/texmf-dist/tex/latex/graphics-cfg/color.cfg
File: color.cfg 2016/01/02 v1.6 sample color configuration
)
Package xcolor Info: Driver file: pdftex.def on input line 225.

(/usr/share/texlive/texmf-dist/tex/latex/graphics-def/pdftex.def
File: pdftex.def 2018/01/08 v1.0l Graphics/color driver for pdftex
)
(/usr/share/texlive/texmf-dist/tex/latex/colortbl/colortbl.sty
Package: colortbl 2020/01/04 v1.0e Color table columns (DPC)

(/usr/share/texlive/texmf-dist/tex/latex/tools/array.sty
Package: array 2019/08/31 v2.4l Tabular extension package (FMi)
\col@sep=\dimen143
\ar@mcellbox=\box45
\extrarowheight=\dimen144
\NC@list=\toks18
\extratabsurround=\skip49
\backup@length=\skip50
\ar@cellbox=\box46
)
\everycr=\toks19
\minrowclearance=\skip51
)
\rownum=\count179
Package xcolor Info: Model `cmy' substituted by `cmy0' on input line 1348.
Package xcolor Info: Model `hsb' substituted by `rgb' on input line 1352.
Package xcolor Info: Model `RGB' extended on input line 1364.
Package xcolor Info: Model `HTML' substituted by `rgb' on input line 1366.
Package xcolor Info: Model `Hsb' substituted by `hsb' on input line 1367.
Package xcolor Info: Model `tHsb' substituted by `hsb' on input line 1368.
Package xcolor Info: Model `HSB' substituted by `hsb' on input line 1369.
Package xcolor Info: Model `Gray' substituted by `gray' on input line 1370.
Package xcolor Info: Model `wave' substituted by `hsb' on input line 1371.
)
(/usr/share/texlive/texmf-dist/tex/latex/biblatex/biblatex.sty
Package: biblatex 2019/12/01 v3.14 programmable bibliographies (PK/MW)

(/usr/share/texlive/texmf-dist/tex/latex/pdftexcmds/pdftexcmds.sty
Package: pdftexcmds 2019/11/24 v0.31 Utility functions of pdfTeX for LuaTeX (HO
)

(/usr/share/texlive/texmf-dist/tex/generic/infwarerr/infwarerr.sty
Package: infwarerr 2019/12/03 v1.5 Providing info/warning/error messages (HO)
)
(/usr/share/texlive/texmf-dist/tex/generic/ltxcmds/ltxcmds.sty
Package: ltxcmds 2019/12/15 v1.24 LaTeX kernel commands for general use (HO)
)
Package pdftexcmds Info: \pdf@primitive is available.
Package pdftexcmds Info: \pdf@ifprimitive is available.
Package pdftexcmds Info: \pdfdraftmode found.
)
(/usr/share/texlive/texmf-dist/tex/latex/etoolbox/etoolbox.sty
Package: etoolbox 2019/09/21 v2.5h e-TeX tools for LaTeX (JAW)
\etb@tempcnta=\count180
)
(/usr/share/texlive/texmf-dist/tex/latex/kvoptions/kvoptions.sty
Package: kvoptions 2019/11/29 v3.13 Key value format for package options (HO)

(/usr/share/texlive/texmf-dist/tex/generic/kvsetkeys/kvsetkeys.sty
Package: kvsetkeys 2019/12/15 v1.18 Key value parser (HO)
))
(/usr/share/texlive/texmf-dist/tex/latex/logreq/logreq.sty
Package: logreq 2010/08/04 v1.0 xml request logger
\lrq@indent=\count181

(/usr/share/texlive/texmf-dist/tex/latex/logreq/logreq.def
File: logreq.def 2010/08/04 v1.0 logreq spec v1.0
))
(/usr/share/texlive/texmf-dist/tex/latex/base/ifthen.sty
Package: ifthen 2014/09/29 v1.1c Standard LaTeX ifthen package (DPC)
)
(/usr/share/texlive/texmf-dist/tex/latex/url/url.sty
\Urlmuskip=\muskip16
Package: url 2013/09/16  ver 3.4  Verb mode for urls, etc.
)
\c@tabx@nest=\count182
\c@listtotal=\count183
\c@listcount=\count184
\c@liststart=\count185
\c@liststop=\count186
\c@citecount=\count187
\c@citetotal=\count188
\c@multicitecount=\count189
\c@multicitetotal=\count190
\c@instcount=\count191
\c@maxnames=\count192
\c@minnames=\count193
\c@maxitems=\count194
\c@minitems=\count195
\c@citecounter=\count196
\c@maxcitecounter=\count197
\c@savedcitecounter=\count198
\c@uniquelist=\count199
\c@uniquename=\count266
\c@refsection=\count267
\c@refsegment=\count268
\c@maxextratitle=\count269
\c@maxextratitleyear=\count270
\c@maxextraname=\count271
\c@maxextradate=\count272
\c@maxextraalpha=\count273
\c@abbrvpenalty=\count274
\c@highnamepenalty=\count275
\c@lownamepenalty=\count276
\c@maxparens=\count277
\c@parenlevel=\count278
\blx@tempcnta=\count279
\blx@tempcntb=\count280
\blx@tempcntc=\count281
\blx@maxsection=\count282
\blx@maxsegment@0=\count283
\blx@notetype=\count284
\blx@parenlevel@text=\count285
\blx@parenlevel@foot=\count286
\blx@sectionciteorder@0=\count287
\blx@entrysetcounter=\count288
\labelnumberwidth=\skip52
\labelalphawidth=\skip53
\biblabelsep=\skip54
\bibitemsep=\skip55
\bibnamesep=\skip56
\bibinitsep=\skip57
\bibparsep=\skip58
\bibhang=\skip59
\blx@bcfin=\read2
\blx@bcfout=\write3
\blx@langwohyphens=\language10
\c@mincomprange=\count289
\c@maxcomprange=\count290
\c@mincompwidth=\count291
Package biblatex Info: Trying to load biblatex default data model...
Package biblatex Info: ... file 'blx-dm.def' found.

(/usr/share/texlive/texmf-dist/tex/latex/biblatex/blx-dm.def
File: blx-dm.def 2019/12/01 v3.14 biblatex localization (PK/MW)
)
Package biblatex Info: Trying to load biblatex style data model...
Package biblatex Info: ... file 'ieee.dbx' not found.
Package biblatex Info: Trying to load biblatex custom data model...
Package biblatex Info: ... file 'biblatex-dm.cfg' not found.
\c@afterword=\count292
\c@savedafterword=\count293
\c@annotator=\count294
\c@savedannotator=\count295
\c@author=\count296
\c@savedauthor=\count297
\c@bookauthor=\count298
\c@savedbookauthor=\count299
\c@commentator=\count300
\c@savedcommentator=\count301
\c@editor=\count302
\c@savededitor=\count303
\c@editora=\count304
\c@savededitora=\count305
\c@editorb=\count306
\c@savededitorb=\count307
\c@editorc=\count308
\c@savededitorc=\count309
\c@foreword=\count310
\c@savedforeword=\count311
\c@holder=\count312
\c@savedholder=\count313
\c@introduction=\count314
\c@savedintroduction=\count315
\c@namea=\count316
\c@savednamea=\count317
\c@nameb=\count318
\c@savednameb=\count319
\c@namec=\count320
\c@savednamec=\count321
\c@translator=\count322
\c@savedtranslator=\count323
\c@shortauthor=\count324
\c@savedshortauthor=\count325
\c@shorteditor=\count326
\c@savedshorteditor=\count327
\c@labelname=\count328
\c@savedlabelname=\count329
\c@institution=\count330
\c@savedinstitution=\count331
\c@lista=\count332
\c@savedlista=\count333
\c@listb=\count334
\c@savedlistb=\count335
\c@listc=\count336
\c@savedlistc=\count337
\c@listd=\count338
\c@savedlistd=\count339
\c@liste=\count340
\c@savedliste=\count341
\c@listf=\count342
\c@savedlistf=\count343
\c@location=\count344
\c@savedlocation=\count345
\c@organization=\count346
\c@savedorganization=\count347
\c@origlocation=\count348
\c@savedoriglocation=\count349
\c@origpublisher=\count350
\c@savedorigpublisher=\count351
\c@publisher=\count352
\c@savedpublisher=\count353
\c@language=\count354
\c@savedlanguage=\count355
\c@origlanguage=\count356
\c@savedoriglanguage=\count357
\c@pageref=\count358
\c@savedpageref=\count359
\shorthandwidth=\skip60
\shortjournalwidth=\skip61
\shortserieswidth=\skip62
\shorttitlewidth=\skip63
\shortauthorwidth=\skip64
\shorteditorwidth=\skip65
\locallabelnumberwidth=\skip66
\locallabelalphawidth=\skip67
\localshorthandwidth=\skip68
\localshortjournalwidth=\skip69
\localshortserieswidth=\skip70
\localshorttitlewidth=\skip71
\localshortauthorwidth=\skip72
\localshorteditorwidth=\skip73
Package biblatex Info: Trying to load compatibility code...
Package biblatex Info: ... file 'blx-compat.def' found.

(/usr/share/texlive/texmf-dist/tex/latex/biblatex/blx-compat.def
File: blx-compat.def 2019/12/01 v3.14 biblatex compatibility (PK/MW)
)
Package biblatex Info: Trying to load generic definitions...
Package biblatex Info: ... file 'biblatex.def' found.

(/usr/share/texlive/texmf-dist/tex/latex/biblatex/biblatex.def
File: biblatex.def 2019/12/01 v3.14 biblatex compatibility (PK/MW)
\c@textcitecount=\count360
\c@textcitetotal=\count361
\c@textcitemaxnames=\count362
\c@biburlbigbreakpenalty=\count363
\c@biburlbreakpenalty=\count364
\c@biburlnumpenalty=\count365
\c@biburlucpenalty=\count366
\c@biburllcpenalty=\count367
\biburlbigskip=\muskip17
\biburlnumskip=\muskip18
\biburlucskip=\muskip19
\biburllcskip=\muskip20
\c@smartand=\count368
)
Package biblatex Info: Trying to load bibliography style 'ieee'...
Package biblatex Info: ... file 'ieee.bbx' found.

(/usr/share/texlive/texmf-dist/tex/latex/biblatex-ieee/ieee.bbx
File: ieee.bbx 2019/06/19 v1.3a biblatex bibliography style
Package biblatex Info: Trying to load bibliography style 'numeric-comp'...
Package biblatex Info: ... file 'numeric-comp.bbx' found.

(/usr/share/texlive/texmf-dist/tex/latex/biblatex/bbx/numeric-comp.bbx
File: numeric-comp.bbx 2019/12/01 v3.14 biblatex bibliography style (PK/MW)
Package biblatex Info: Trying to load bibliography style 'numeric'...
Package biblatex Info: ... file 'numeric.bbx' found.

(/usr/share/texlive/texmf-dist/tex/latex/biblatex/bbx/numeric.bbx
File: numeric.bbx 2019/12/01 v3.14 biblatex bibliography style (PK/MW)
Package biblatex Info: Trying to load bibliography style 'standard'...
Package biblatex Info: ... file 'standard.bbx' found.

(/usr/share/texlive/texmf-dist/tex/latex/biblatex/bbx/standard.bbx
File: standard.bbx 2019/12/01 v3.14 biblatex bibliography style (PK/MW)
\c@bbx:relatedcount=\count369
\c@bbx:relatedtotal=\count370
))))
Package biblatex Info: Trying to load citation style 'ieee'...
Package biblatex Info: ... file 'ieee.cbx' found.

(/usr/share/texlive/texmf-dist/tex/latex/biblatex-ieee/ieee.cbx
File: ieee.cbx 2019/06/19 v1.3a biblatex citation style
Package biblatex Info: Trying to load citation style 'numeric-comp'...
Package biblatex Info: ... file 'numeric-comp.cbx' found.

(/usr/share/texlive/texmf-dist/tex/latex/biblatex/cbx/numeric-comp.cbx
File: numeric-comp.cbx 2019/12/01 v3.14 biblatex citation style (PK/MW)
\c@cbx@tempcnta=\count371
\c@cbx@tempcntb=\count372
Package biblatex Info: Redefining '\cite'.
Package biblatex Info: Redefining '\parencite'.
Package biblatex Info: Redefining '\footcite'.
Package biblatex Info: Redefining '\footcitetext'.
Package biblatex Info: Redefining '\smartcite'.
Package biblatex Info: Redefining '\supercite'.
Package biblatex Info: Redefining '\textcite'.
Package biblatex Info: Redefining '\textcites'.
Package biblatex Info: Redefining '\cites'.
Package biblatex Info: Redefining '\parencites'.
Package biblatex Info: Redefining '\smartcites'.
)
Package biblatex Info: Redefining '\cite'.
Package biblatex Info: Redefining '\cites'.
)
Package biblatex Info: Trying to load configuration file...
Package biblatex Info: ... file 'biblatex.cfg' found.

(/usr/share/texlive/texmf-dist/tex/latex/biblatex/biblatex.cfg
File: biblatex.cfg 
))
(/usr/share/texlive/texmf-dist/tex/latex/csquotes/csquotes.sty
Package: csquotes 2019-12-06 v5.2j context-sensitive quotations (JAW)
\csq@reset=\count373
\csq@gtype=\count374
\csq@glevel=\count375
\csq@qlevel=\count376
\csq@maxlvl=\count377
\csq@tshold=\count378
\csq@ltx@everypar=\toks20

(/usr/share/texlive/texmf-dist/tex/latex/csquotes/csquotes.def
File: csquotes.def 2019-12-06 v5.2j csquotes generic definitions (JAW)
)
Package csquotes Info: Trying to load configuration file 'csquotes.cfg'...
Package csquotes Info: ... configuration file loaded successfully.

(/usr/share/texlive/texmf-dist/tex/latex/csquotes/csquotes.cfg
File: csquotes.cfg 
))
(/usr/share/texlive/texmf-dist/tex/generic/babel/babel.sty
Package: babel 2020/02/14 3.40 The Babel package

(/usr/share/texlive/texmf-dist/tex/generic/babel/switch.def
File: switch.def 2020/02/14 3.40 Babel switching mechanism
)
(/usr/share/texlive/texmf-dist/tex/generic/babel-portuges/portuges.ldf
Language: portuges 2008/03/18 v1.2q Portuguese support from the babel system

(/usr/share/texlive/texmf-dist/tex/generic/babel/babel.def
File: babel.def 2020/02/14 3.40 Babel common definitions
\babel@savecnt=\count379
\U@D=\dimen145

(/usr/share/texlive/texmf-dist/tex/generic/babel/txtbabel.def)
\bbl@readstream=\read3
\bbl@dirlevel=\count380
)
Package babel Info: Making " an active character on input line 145.
))
(/usr/share/texlive/texmf-dist/tex/latex/blindtext/blindtext.sty
Package: blindtext 2012/01/06 V2.0 blindtext-Package

(/usr/share/texlive/texmf-dist/tex/latex/tools/xspace.sty
Package: xspace 2014/10/28 v1.13 Space after command names (DPC,MH)
)
\c@blindtext=\count381
\c@Blindtext=\count382
\c@blind@countparstart=\count383
\blind@countxx=\count384
\blindtext@numBlindtext=\count385
\blind@countyy=\count386
\c@blindlist=\count387
\c@blindlistlevel=\count388
\c@blindlist@level=\count389
\blind@listitem=\count390
\c@blind@listcount=\count391
\c@blind@levelcount=\count392
\blind@mathformula=\count393
\blind@Mathformula=\count394
\c@blind@randomcount=\count395
\c@blind@randommax=\count396
\c@blind@pangramcount=\count397
\c@blind@pangrammax=\count398
)
(/usr/share/texlive/texmf-dist/tex/latex/acronym/acronym.sty
Package: acronym 2019/11/11 v1.42 Support for acronyms (Tobias Oetiker)

(/usr/share/texlive/texmf-dist/tex/latex/bigfoot/suffix.sty
Package: suffix 2006/07/15 1.5a Variant command support
)
(/usr/share/texlive/texmf-dist/tex/generic/xstring/xstring.sty
(/usr/share/texlive/texmf-dist/tex/generic/xstring/xstring.tex
\integerpart=\count399
\decimalpart=\count400
)
Package: xstring 2019/02/06 v1.83 String manipulations (CT)
)
\AC@clearlist=\toks21
)
(/usr/share/texlive/texmf-dist/tex/latex/hyperref/hyperref.sty
Package: hyperref 2020/01/14 v7.00d Hypertext links for LaTeX

(/usr/share/texlive/texmf-dist/tex/generic/kvdefinekeys/kvdefinekeys.sty
Package: kvdefinekeys 2019-12-19 v1.6 Define keys (HO)
)
(/usr/share/texlive/texmf-dist/tex/generic/pdfescape/pdfescape.sty
Package: pdfescape 2019/12/09 v1.15 Implements pdfTeX's escape features (HO)
)
(/usr/share/texlive/texmf-dist/tex/latex/hycolor/hycolor.sty
Package: hycolor 2020-01-27 v1.10 Color options for hyperref/bookmark (HO)
)
(/usr/share/texlive/texmf-dist/tex/latex/letltxmacro/letltxmacro.sty
Package: letltxmacro 2019/12/03 v1.6 Let assignment for LaTeX macros (HO)
)
(/usr/share/texlive/texmf-dist/tex/latex/auxhook/auxhook.sty
Package: auxhook 2019-12-17 v1.6 Hooks for auxiliary files (HO)
)
\@linkdim=\dimen146
\Hy@linkcounter=\count401
\Hy@pagecounter=\count402

(/usr/share/texlive/texmf-dist/tex/latex/hyperref/pd1enc.def
File: pd1enc.def 2020/01/14 v7.00d Hyperref: PDFDocEncoding definition (HO)
Now handling font encoding PD1 ...
... no UTF-8 mapping file for font encoding PD1
)
(/usr/share/texlive/texmf-dist/tex/generic/intcalc/intcalc.sty
Package: intcalc 2019/12/15 v1.3 Expandable calculations with integers (HO)
)
(/usr/share/texlive/texmf-dist/tex/generic/etexcmds/etexcmds.sty
Package: etexcmds 2019/12/15 v1.7 Avoid name clashes with e-TeX commands (HO)
)
\Hy@SavedSpaceFactor=\count403
\pdfmajorversion=\count404
Package hyperref Info: Hyper figures OFF on input line 4547.
Package hyperref Info: Link nesting OFF on input line 4552.
Package hyperref Info: Hyper index ON on input line 4555.
Package hyperref Info: Plain pages OFF on input line 4562.
Package hyperref Info: Backreferencing OFF on input line 4567.
Package hyperref Info: Implicit mode ON; LaTeX internals redefined.
Package hyperref Info: Bookmarks ON on input line 4800.
\c@Hy@tempcnt=\count405
LaTeX Info: Redefining \url on input line 5159.
\XeTeXLinkMargin=\dimen147

(/usr/share/texlive/texmf-dist/tex/generic/bitset/bitset.sty
Package: bitset 2019/12/09 v1.3 Handle bit-vector datatype (HO)

(/usr/share/texlive/texmf-dist/tex/generic/bigintcalc/bigintcalc.sty
Package: bigintcalc 2019/12/15 v1.5 Expandable calculations on big integers (HO
)
))
\Fld@menulength=\count406
\Field@Width=\dimen148
\Fld@charsize=\dimen149
Package hyperref Info: Hyper figures OFF on input line 6430.
Package hyperref Info: Link nesting OFF on input line 6435.
Package hyperref Info: Hyper index ON on input line 6438.
Package hyperref Info: backreferencing OFF on input line 6445.
Package hyperref Info: Link coloring OFF on input line 6450.
Package hyperref Info: Link coloring with OCG OFF on input line 6455.
Package hyperref Info: PDF/A mode OFF on input line 6460.
LaTeX Info: Redefining \ref on input line 6500.
LaTeX Info: Redefining \pageref on input line 6504.

(/usr/share/texlive/texmf-dist/tex/generic/atbegshi/atbegshi.sty
Package: atbegshi 2019/12/05 v1.19 At begin shipout hook (HO)
)
\Hy@abspage=\count407
\c@Item=\count408
\c@Hfootnote=\count409
)
Package hyperref Info: Driver (autodetected): hpdftex.

(/usr/share/texlive/texmf-dist/tex/latex/hyperref/hpdftex.def
File: hpdftex.def 2020/01/14 v7.00d Hyperref driver for pdfTeX

(/usr/share/texlive/texmf-dist/tex/latex/atveryend/atveryend.sty
Package: atveryend 2019-12-11 v1.11 Hooks at the very end of document (HO)
)
\Fld@listcount=\count410
\c@bookmark@seq@number=\count411

(/usr/share/texlive/texmf-dist/tex/latex/rerunfilecheck/rerunfilecheck.sty
Package: rerunfilecheck 2019/12/05 v1.9 Rerun checks for auxiliary files (HO)

(/usr/share/texlive/texmf-dist/tex/generic/uniquecounter/uniquecounter.sty
Package: uniquecounter 2019/12/15 v1.4 Provide unlimited unique counter (HO)
)
Package uniquecounter Info: New unique counter `rerunfilecheck' on input line 2
86.
)
\Hy@SectionHShift=\skip74
)
(/usr/share/texlive/texmf-dist/tex/latex/graphics/graphicx.sty
Package: graphicx 2019/11/30 v1.2a Enhanced LaTeX Graphics (DPC,SPQR)

(/usr/share/texlive/texmf-dist/tex/latex/graphics/graphics.sty
Package: graphics 2019/11/30 v1.4a Standard LaTeX Graphics (DPC,SPQR)

(/usr/share/texlive/texmf-dist/tex/latex/graphics/trig.sty
Package: trig 2016/01/03 v1.10 sin cos tan (DPC)
)
(/usr/share/texlive/texmf-dist/tex/latex/graphics-cfg/graphics.cfg
File: graphics.cfg 2016/06/04 v1.11 sample graphics configuration
)
Package graphics Info: Driver file: pdftex.def on input line 105.
)
\Gin@req@height=\dimen150
\Gin@req@width=\dimen151
)
(/usr/share/texlive/texmf-dist/tex/latex/titling/titling.sty
Package: titling 2009/09/04 v2.1d maketitle typesetting
\thanksmarkwidth=\skip75
\thanksmargin=\skip76
\droptitle=\skip77
)
(/usr/share/texlive/texmf-dist/tex/latex/tools/multicol.sty
Package: multicol 2019/12/09 v1.8y multicolumn formatting (FMi)
\c@tracingmulticols=\count412
\mult@box=\box47
\multicol@leftmargin=\dimen152
\c@unbalance=\count413
\c@collectmore=\count414
\doublecol@number=\count415
\multicoltolerance=\count416
\multicolpretolerance=\count417
\full@width=\dimen153
\page@free=\dimen154
\premulticols=\dimen155
\postmulticols=\dimen156
\multicolsep=\skip78
\multicolbaselineskip=\skip79
\partial@page=\box48
\last@line=\box49
\maxbalancingoverflow=\dimen157
\mult@rightbox=\box50
\mult@grightbox=\box51
\mult@gfirstbox=\box52
\mult@firstbox=\box53
\@tempa=\box54
\@tempa=\box55
\@tempa=\box56
\@tempa=\box57
\@tempa=\box58
\@tempa=\box59
\@tempa=\box60
\@tempa=\box61
\@tempa=\box62
\@tempa=\box63
\@tempa=\box64
\@tempa=\box65
\@tempa=\box66
\@tempa=\box67
\@tempa=\box68
\@tempa=\box69
\@tempa=\box70
\@tempa=\box71
\@tempa=\box72
\@tempa=\box73
\@tempa=\box74
\@tempa=\box75
\@tempa=\box76
\@tempa=\box77
\@tempa=\box78
\@tempa=\box79
\@tempa=\box80
\@tempa=\box81
\@tempa=\box82
\@tempa=\box83
\@tempa=\box84
\@tempa=\box85
\@tempa=\box86
\@tempa=\box87
\@tempa=\box88
\@tempa=\box89
\@tempa=\box90
\c@minrows=\count418
\c@columnbadness=\count419
\c@finalcolumnbadness=\count420
\last@try=\dimen158
\multicolovershoot=\dimen159
\multicolundershoot=\dimen160
\mult@nat@firstbox=\box91
\colbreak@box=\box92
\mc@col@check@num=\count421
)
(/usr/share/texlive/texmf-dist/tex/latex/adjustbox/adjustbox.sty
Package: adjustbox 2019/01/04 v1.2 Adjusting TeX boxes (trim, clip, ...)

(/usr/share/texlive/texmf-dist/tex/latex/xkeyval/xkeyval.sty
Package: xkeyval 2014/12/03 v2.7a package option processing (HA)

(/usr/share/texlive/texmf-dist/tex/generic/xkeyval/xkeyval.tex
(/usr/share/texlive/texmf-dist/tex/generic/xkeyval/xkvutils.tex
\XKV@toks=\toks22
\XKV@tempa@toks=\toks23
)
\XKV@depth=\count422
File: xkeyval.tex 2014/12/03 v2.7a key=value parser (HA)
))
(/usr/share/texlive/texmf-dist/tex/latex/adjustbox/adjcalc.sty
Package: adjcalc 2012/05/16 v1.1 Provides advanced setlength with multiple back
-ends (calc, etex, pgfmath)
)
(/usr/share/texlive/texmf-dist/tex/latex/adjustbox/trimclip.sty
Package: trimclip 2018/04/08 v1.1 Trim and clip general TeX material

(/usr/share/texlive/texmf-dist/tex/latex/collectbox/collectbox.sty
Package: collectbox 2012/05/17 v0.4b Collect macro arguments as boxes
\collectedbox=\box93
)
\tc@llx=\dimen161
\tc@lly=\dimen162
\tc@urx=\dimen163
\tc@ury=\dimen164
Package trimclip Info: Using driver 'tc-pdftex.def'.

(/usr/share/texlive/texmf-dist/tex/latex/adjustbox/tc-pdftex.def
File: tc-pdftex.def 2019/01/04 v2.2 Clipping driver for pdftex
))
\adjbox@Width=\dimen165
\adjbox@Height=\dimen166
\adjbox@Depth=\dimen167
\adjbox@Totalheight=\dimen168
\adjbox@pwidth=\dimen169
\adjbox@pheight=\dimen170
\adjbox@pdepth=\dimen171
\adjbox@ptotalheight=\dimen172

(/usr/share/texlive/texmf-dist/tex/latex/ifoddpage/ifoddpage.sty
Package: ifoddpage 2016/04/23 v1.1 Conditionals for odd/even page detection
\c@checkoddpage=\count423
)
(/usr/share/texlive/texmf-dist/tex/latex/varwidth/varwidth.sty
Package: varwidth 2009/03/30 ver 0.92;  Variable-width minipages
\@vwid@box=\box94
\sift@deathcycles=\count424
\@vwid@loff=\dimen173
\@vwid@roff=\dimen174
))
(/usr/share/texlive/texmf-dist/tex/latex/caption/caption.sty
Package: caption 2020/01/03 v3.4h Customizing captions (AR)

(/usr/share/texlive/texmf-dist/tex/latex/caption/caption3.sty
Package: caption3 2020/01/03 v1.8h caption3 kernel (AR)
Package caption3 Info: TeX engine: e-TeX on input line 61.
\captionmargin=\dimen175
\captionmargin@=\dimen176
\captionwidth=\dimen177
\caption@tempdima=\dimen178
\caption@indent=\dimen179
\caption@parindent=\dimen180
\caption@hangindent=\dimen181
Package caption Info: Standard document class detected.
)
\c@caption@flags=\count425
\c@continuedfloat=\count426
Package caption Info: hyperref package is loaded.
)
(/usr/share/texlive/texmf-dist/tex/latex/caption/subcaption.sty
Package: subcaption 2020/01/22 v1.3d Sub-captions (AR)
\c@subfigure=\count427
\c@subtable=\count428
)
(/usr/share/texlive/texmf-dist/tex/latex/amsmath/amsmath.sty
Package: amsmath 2020/01/20 v2.17e AMS math features
\@mathmargin=\skip80

For additional information on amsmath, use the `?' option.
(/usr/share/texlive/texmf-dist/tex/latex/amsmath/amstext.sty
Package: amstext 2000/06/29 v2.01 AMS text

(/usr/share/texlive/texmf-dist/tex/latex/amsmath/amsgen.sty
File: amsgen.sty 1999/11/30 v2.0 generic functions
\@emptytoks=\toks24
\ex@=\dimen182
))
(/usr/share/texlive/texmf-dist/tex/latex/amsmath/amsbsy.sty
Package: amsbsy 1999/11/29 v1.2d Bold Symbols
\pmbraise@=\dimen183
)
(/usr/share/texlive/texmf-dist/tex/latex/amsmath/amsopn.sty
Package: amsopn 2016/03/08 v2.02 operator names
)
\inf@bad=\count429
LaTeX Info: Redefining \frac on input line 227.
\uproot@=\count430
\leftroot@=\count431
LaTeX Info: Redefining \overline on input line 389.
\classnum@=\count432
\DOTSCASE@=\count433
LaTeX Info: Redefining \ldots on input line 486.
LaTeX Info: Redefining \dots on input line 489.
LaTeX Info: Redefining \cdots on input line 610.
\Mathstrutbox@=\box95
\strutbox@=\box96
\big@size=\dimen184
LaTeX Font Info:    Redeclaring font encoding OML on input line 733.
LaTeX Font Info:    Redeclaring font encoding OMS on input line 734.
\macc@depth=\count434
\c@MaxMatrixCols=\count435
\dotsspace@=\muskip21
\c@parentequation=\count436
\dspbrk@lvl=\count437
\tag@help=\toks25
\row@=\count438
\column@=\count439
\maxfields@=\count440
\andhelp@=\toks26
\eqnshift@=\dimen185
\alignsep@=\dimen186
\tagshift@=\dimen187
\tagwidth@=\dimen188
\totwidth@=\dimen189
\lineht@=\dimen190
\@envbody=\toks27
\multlinegap=\skip81
\multlinetaggap=\skip82
\mathdisplay@stack=\toks28
LaTeX Info: Redefining \[ on input line 2859.
LaTeX Info: Redefining \] on input line 2860.
)
(/usr/share/texlive/texmf-dist/tex/latex/amsfonts/amssymb.sty
Package: amssymb 2013/01/14 v3.01 AMS font symbols

(/usr/share/texlive/texmf-dist/tex/latex/amsfonts/amsfonts.sty
Package: amsfonts 2013/01/14 v3.01 Basic AMSFonts support
\symAMSa=\mathgroup4
\symAMSb=\mathgroup5
LaTeX Font Info:    Redeclaring math symbol \hbar on input line 98.
LaTeX Font Info:    Overwriting math alphabet `\mathfrak' in version `bold'
(Font)                  U/euf/m/n --> U/euf/b/n on input line 106.
))
(/usr/share/texlive/texmf-dist/tex/latex/fancyhdr/fancyhdr.sty
Package: fancyhdr 2019/01/31 v3.10 Extensive control of page headers and footer
s
\f@nch@headwidth=\skip83
\f@nch@O@elh=\skip84
\f@nch@O@erh=\skip85
\f@nch@O@olh=\skip86
\f@nch@O@orh=\skip87
\f@nch@O@elf=\skip88
\f@nch@O@erf=\skip89
\f@nch@O@olf=\skip90
\f@nch@O@orf=\skip91
)
(/usr/share/texlive/texmf-dist/tex/latex/preprint/authblk.sty
Package: authblk 2001/02/27 1.3 (PWD)
\affilsep=\skip92
\@affilsep=\skip93
\c@Maxaffil=\count441
\c@authors=\count442
\c@affil=\count443
)
(/usr/share/texlive/texmf-dist/tex/latex/float/float.sty
Package: float 2001/11/08 v1.3d Float enhancements (AL)
\c@float@type=\count444
\float@exts=\toks29
\float@box=\box97
\@float@everytoks=\toks30
\@floatcapt=\box98
)
(/usr/share/texlive/texmf-dist/tex/latex/tools/indentfirst.sty
Package: indentfirst 1995/11/23 v1.03 Indent first paragraph (DPC)
)
(/usr/share/texlive/texmf-dist/tex/latex/chngcntr/chngcntr.sty
Package: chngcntr 2018/04/09 v1.1a change counter resetting
Package chngcntr Info: \counterwithout already defined.
(chngcntr)             Quitting chngcntr on input line 21.
))
Package csquotes Info: Checking for multilingual support...
Package csquotes Info: ... found 'babel' package.
Package csquotes Info: Adjusting default style.
Package csquotes Info: Redefining alias 'default' -> 'portuguese'.

(/usr/share/texlive/texmf-dist/tex/latex/l3backend/l3backend-pdfmode.def
File: l3backend-pdfmode.def 2020-02-03 L3 backend support: PDF mode
\l__kernel_color_stack_int=\count445
\l__pdf_internal_box=\box99
)
(./Relatorio.aux)
\openout1 = `Relatorio.aux'.

LaTeX Font Info:    Checking defaults for OML/cmm/m/it on input line 5.
LaTeX Font Info:    ... okay on input line 5.
LaTeX Font Info:    Checking defaults for OMS/cmsy/m/n on input line 5.
LaTeX Font Info:    ... okay on input line 5.
LaTeX Font Info:    Checking defaults for OT1/cmr/m/n on input line 5.
LaTeX Font Info:    ... okay on input line 5.
LaTeX Font Info:    Checking defaults for T1/cmr/m/n on input line 5.
LaTeX Font Info:    ... okay on input line 5.
LaTeX Font Info:    Checking defaults for TS1/cmr/m/n on input line 5.
LaTeX Font Info:    ... okay on input line 5.
LaTeX Font Info:    Checking defaults for OMX/cmex/m/n on input line 5.
LaTeX Font Info:    ... okay on input line 5.
LaTeX Font Info:    Checking defaults for U/cmr/m/n on input line 5.
LaTeX Font Info:    ... okay on input line 5.
LaTeX Font Info:    Checking defaults for PD1/pdf/m/n on input line 5.
LaTeX Font Info:    ... okay on input line 5.

*geometry* driver: auto-detecting
*geometry* detected driver: pdftex
*geometry* verbose mode - [ preamble ] result:
* driver: pdftex
* paper: <default>
* layout: <same size as paper>
* layoutoffset:(h,v)=(0.0pt,0.0pt)
* modes: twoside asymmetric 
* h-part:(L,W,R)=(85.35826pt, 457.80486pt, 71.13188pt)
* v-part:(T,H,B)=(85.35826pt, 624.25346pt, 85.35826pt)
* \paperwidth=614.295pt
* \paperheight=794.96999pt
* \textwidth=457.80486pt
* \textheight=624.25346pt
* \oddsidemargin=13.08827pt
* \evensidemargin=13.08827pt
* \topmargin=-23.91173pt
* \headheight=12.0pt
* \headsep=25.0pt
* \topskip=10.0pt
* \footskip=30.0pt
* \marginparwidth=65.0pt
* \marginparsep=11.0pt
* \columnsep=10.0pt
* \skip\footins=9.0pt plus 4.0pt minus 2.0pt
* \hoffset=0.0pt
* \voffset=0.0pt
* \mag=1000
* \@twocolumnfalse
* \@twosidetrue
* \@mparswitchfalse
* \@reversemarginfalse
* (1in=72.27pt=25.4mm, 1cm=28.453pt)

(/usr/share/texlive/texmf-dist/tex/context/base/mkii/supp-pdf.mkii
[Loading MPS to PDF converter (version 2006.09.02).]
\scratchcounter=\count446
\scratchdimen=\dimen191
\scratchbox=\box100
\nofMPsegments=\count447
\nofMParguments=\count448
\everyMPshowfont=\toks31
\MPscratchCnt=\count449
\MPscratchDim=\dimen192
\MPnumerator=\count450
\makeMPintoPDFobject=\count451
\everyMPtoPDFconversion=\toks32
) (/usr/share/texlive/texmf-dist/tex/latex/epstopdf-pkg/epstopdf-base.sty
Package: epstopdf-base 2020-01-24 v2.11 Base part for package epstopdf
Package epstopdf-base Info: Redefining graphics rule for `.eps' on input line 4
85.

(/usr/share/texlive/texmf-dist/tex/latex/latexconfig/epstopdf-sys.cfg
File: epstopdf-sys.cfg 2010/07/13 v1.3 Configuration of (r)epstopdf for TeX Liv
e
))
Package biblatex Info: Trying to load language 'portuguese'...
Package biblatex Info: ... file 'portuguese.lbx' found.

(/usr/share/texlive/texmf-dist/tex/latex/biblatex/lbx/portuguese.lbx
File: portuguese.lbx 2019/12/01 v3.14 biblatex localization (PK/MW)
)
Package biblatex Info: Input encoding 'utf8' detected.
Package biblatex Info: Automatic encoding selection.
(biblatex)             Assuming data encoding 'utf8'.
\openout3 = `Relatorio.bcf'.

Package biblatex Info: Trying to load bibliographic data...
Package biblatex Info: ... file 'Relatorio.bbl' not found.

No file Relatorio.bbl.
Package biblatex Info: Reference section=0 on input line 5.
Package biblatex Info: Reference segment=0 on input line 5.
\AtBeginShipoutBox=\box101
Package hyperref Info: Link coloring OFF on input line 5.
(/usr/share/texlive/texmf-dist/tex/latex/hyperref/nameref.sty
Package: nameref 2019/09/16 v2.46 Cross-referencing by name of section

(/usr/share/texlive/texmf-dist/tex/latex/refcount/refcount.sty
Package: refcount 2019/12/15 v3.6 Data extraction from label references (HO)
)
(/usr/share/texlive/texmf-dist/tex/generic/gettitlestring/gettitlestring.sty
Package: gettitlestring 2019/12/15 v1.6 Cleanup title references (HO)
)
\c@section@level=\count452
)
LaTeX Info: Redefining \ref on input line 5.
LaTeX Info: Redefining \pageref on input line 5.
LaTeX Info: Redefining \nameref on input line 5.

(./Relatorio.out) (./Relatorio.out)
\@outlinefile=\write4
\openout4 = `Relatorio.out'.

Package caption Info: Begin \AtBeginDocument code.
Package caption Info: float package is loaded.
Package caption Info: End \AtBeginDocument code.
 (./defini√ß√µes.tex) (./capa.tex
<logotipo_ua.png, id=52, 513.92pt x 192.72pt>
File: logotipo_ua.png Graphic file (type png)
<use logotipo_ua.png>
Package pdftex.def Info: logotipo_ua.png  used on input line 4.
(pdftex.def)             Requested size: 256.95937pt x 96.35976pt.
 [1

{/var/lib/texmf/fonts/map/pdftex/updmap/pdftex.map} <./logotipo_ua.png>])
(./p√°gina_t√≠tulo.texpdfTeX warning (ext4): destination with the same identifi
er (name{page.1}) has been already used, duplicate ignored
<to be read again> 
                   \relax 
l.14 \maketitle
                [1]) (./resumo.texpdfTeX warning (ext4): destination with the s
ame identifier (name{page.1}) has been already used, duplicate ignored
<to be read again> 
                   \relax 
l.8 \end{abstract}
                   [1]) (./Relatorio.toc
LaTeX Font Info:    Trying to load font information for U+msa on input line 6.

(/usr/share/texlive/texmf-dist/tex/latex/amsfonts/umsa.fd
File: umsa.fd 2013/01/14 v3.01 AMS symbols A
)
LaTeX Font Info:    Trying to load font information for U+msb on input line 6.

(/usr/share/texlive/texmf-dist/tex/latex/amsfonts/umsb.fd
File: umsb.fd 2013/01/14 v3.01 AMS symbols B
))
\tf@toc=\write5
\openout5 = `Relatorio.toc'.

 [2

]
(./Relatorio.lof [3

])
\tf@lof=\write6
\openout6 = `Relatorio.lof'.

 [1] [2

]
Cap\'{\i }tulo 1.

Underfull \hbox (badness 10000) in paragraph at lines 59--60

 []

Package acronym Info: Label `acro:uc' newly defined as it shall be overridden
although it is yet undefined on input line 61.
Package acronym Info: Label `acro:labi' newly defined as it shall be overridden

although it is yet undefined on input line 61.
Package acronym Info: Label `acro:miect' newly defined as it shall be overridde
n
although it is yet undefined on input line 61.

Underfull \hbox (badness 10000) in paragraph at lines 61--62

 []


Underfull \hbox (badness 10000) in paragraph at lines 63--64

 []

pdfTeX warning (ext4): destination with the same identifier (name{page.1}) has 
been already used, duplicate ignored
<to be read again> 
                   \relax 
l.79 \clearpage
                [1

]
Underfull \hbox (badness 10000) in paragraph at lines 83--84

 []


Underfull \hbox (badness 10000) in paragraph at lines 85--86

 []


Underfull \hbox (badness 10000) in paragraph at lines 87--88

 []


Underfull \hbox (badness 10000) in paragraph at lines 89--90

 []


Underfull \hbox (badness 10000) in paragraph at lines 91--92

 []


Underfull \hbox (badness 10000) in paragraph at lines 93--94

 []


Package Fancyhdr Warning: \headheight is too small (12.0pt): 
Make it at least 22.48724pt.
We now make it that large for the rest of the document.
This may cause the page layout to be inconsistent, however.

pdfTeX warning (ext4): destination with the same identifier (name{page.2}) has 
been already used, duplicate ignored
<to be read again> 
                   \relax 
l.98 \chapter
             {Implementa√ß√£o}	 [2

]
Cap\'{\i }tulo 2.

Underfull \hbox (badness 10000) in paragraph at lines 101--102

 []


Underfull \hbox (badness 10000) in paragraph at lines 108--109

 []

<./images/conex√£o-bem-executada.png, id=218, 1519.6775pt x 814.04124pt>
File: ./images/conex√£o-bem-executada.png Graphic file (type png)
<use ./images/conex√£o-bem-executada.png>
Package pdftex.def Info: ./images/conex√£o-bem-executada.png  used on input lin
e 112.
(pdftex.def)             Requested size: 341.43306pt x 182.89052pt.
pdfTeX warning (ext4): destination with the same identifier (name{page.3}) has 
been already used, duplicate ignored
<to be read again> 
                   \relax 
l.118 \newpage
               [3

 <./images/conex√£o-bem-executada.png>]
Underfull \hbox (badness 10000) in paragraph at lines 119--123

 []

Package acronym Info: Label `acro:afinet' newly defined as it shall be overridd
en
although it is yet undefined on input line 126.
Package acronym Info: Label `acro:ipv4' newly defined as it shall be overridden

although it is yet undefined on input line 126.
Package acronym Info: Label `acro:str' newly defined as it shall be overridden
although it is yet undefined on input line 126.
Package acronym Info: Label `acro:tcp' newly defined as it shall be overridden
although it is yet undefined on input line 126.
<./images/server1.png, id=230, 615.29875pt x 222.8325pt>
File: ./images/server1.png Graphic file (type png)
<use ./images/server1.png>
Package pdftex.def Info: ./images/server1.png  used on input line 134.
(pdftex.def)             Requested size: 284.52756pt x 103.04482pt.
[4 <./images/server1.png>]
<./images/nickname.png, id=241, 626.34pt x 133.49875pt>
File: ./images/nickname.png Graphic file (type png)
<use ./images/nickname.png>
Package pdftex.def Info: ./images/nickname.png  used on input line 148.
(pdftex.def)             Requested size: 284.52756pt x 60.64627pt.
<./images/disconect.png, id=242, 476.78125pt x 241.90375pt>
File: ./images/disconect.png Graphic file (type png)
<use ./images/disconect.png>
Package pdftex.def Info: ./images/disconect.png  used on input line 158.
(pdftex.def)             Requested size: 284.52756pt x 144.36823pt.
<./images/def-new-msg.png, id=243, 694.595pt x 280.04625pt>
File: ./images/def-new-msg.png Graphic file (type png)
<use ./images/def-new-msg.png>
Package pdftex.def Info: ./images/def-new-msg.png  used on input line 168.
(pdftex.def)             Requested size: 284.52756pt x 114.71713pt.
 [5

 <./images/nickname.png> <./images/disconect.png>]
<./images/def-start.png, id=250, 1325.95375pt x 473.77pt>
File: ./images/def-start.png Graphic file (type png)
<use ./images/def-start.png>
Package pdftex.def Info: ./images/def-start.png  used on input line 179.
(pdftex.def)             Requested size: 284.52756pt x 101.66338pt.
<./images/def-guess.png, id=251, 829.0975pt x 386.44376pt>
File: ./images/def-guess.png Graphic file (type png)
<use ./images/def-guess.png>
Package pdftex.def Info: ./images/def-guess.png  used on input line 191.
(pdftex.def)             Requested size: 284.52756pt x 132.61563pt.
[6 <./images/def-new-msg.png> <./images/def-start.png>]
<./images/def-find.png, id=259, 440.64626pt x 169.63374pt>
File: ./images/def-find.png Graphic file (type png)
<use ./images/def-find.png>
Package pdftex.def Info: ./images/def-find.png  used on input line 200.
(pdftex.def)             Requested size: 284.52756pt x 109.53586pt.
<./images/def-quit.png, id=260, 667.49374pt x 256.96pt>
File: ./images/def-quit.png Graphic file (type png)
<use ./images/def-quit.png>
Package pdftex.def Info: ./images/def-quit.png  used on input line 210.
(pdftex.def)             Requested size: 284.52756pt x 109.53394pt.
 [7 <./images/def-guess.png> <./images/def-find.png> <./images/def-quit.png>]
<./images/client_main_error_handling.png, id=271, 684.5575pt x 149.55875pt>
File: ./images/client_main_error_handling.png Graphic file (type png)
<use ./images/client_main_error_handling.png>
Package pdftex.def Info: ./images/client_main_error_handling.png  used on input
 line 231.
(pdftex.def)             Requested size: 284.52756pt x 62.16385pt.
 [8

 <./images/client_main_error_handling.png>]
<./images/client_try_main.png, id=281, 790.955pt x 481.8pt>
File: ./images/client_try_main.png Graphic file (type png)
<use ./images/client_try_main.png>
Package pdftex.def Info: ./images/client_try_main.png  used on input line 249.
(pdftex.def)             Requested size: 284.52756pt x 173.31554pt.
 [9

 <./images/client_try_main.png>]
Package acronym Info: Label `acro:utf8' newly defined as it shall be overridden

although it is yet undefined on input line 257.


Package acronym Warning: Acronym `utf8' is not defined on input line 257.


Package acronym Warning: Acronym `utf8' is not defined on input line 257.

Package acronym Info: Label `acro:utf-8' newly defined as it shall be overridde
n
although it is yet undefined on input line 257.

Underfull \hbox (badness 10000) in paragraph at lines 257--258

 []

<./images/welcome.png, id=291, 577.15625pt x 474.77374pt>
File: ./images/welcome.png Graphic file (type png)
<use ./images/welcome.png>
Package pdftex.def Info: ./images/welcome.png  used on input line 261.
(pdftex.def)             Requested size: 284.52756pt x 234.06108pt.
<./images/client_try_main2.png, id=292, 560.0925pt x 290.08376pt>
File: ./images/client_try_main2.png Graphic file (type png)
<use ./images/client_try_main2.png>
Package pdftex.def Info: ./images/client_try_main2.png  used on input line 269.

(pdftex.def)             Requested size: 284.52756pt x 147.36975pt.
[10

 <./images/welcome.png> <./images/client_try_main2.png>]
Underfull \hbox (badness 10000) in paragraph at lines 277--278

 []

<./images/client_exit_quit_retry.png, id=305, 568.1225pt x 539.01375pt>
File: ./images/client_exit_quit_retry.png Graphic file (type png)
<use ./images/client_exit_quit_retry.png>
Package pdftex.def Info: ./images/client_exit_quit_retry.png  used on input lin
e 293.
(pdftex.def)             Requested size: 227.62204pt x 215.96356pt.
<./images/validate_response.png, id=306, 698.61pt x 157.58875pt>
File: ./images/validate_response.png Graphic file (type png)
<use ./images/validate_response.png>
Package pdftex.def Info: ./images/validate_response.png  used on input line 299
.
(pdftex.def)             Requested size: 227.62204pt x 51.34558pt.
[11] [12 <./images/client_exit_quit_retry.png> <./images/validate_response.png>
]
<./images/initQuestion.png, id=324, 692.5875pt x 380.42125pt>
File: ./images/initQuestion.png Graphic file (type png)
<use ./images/initQuestion.png>
Package pdftex.def Info: ./images/initQuestion.png  used on input line 329.
(pdftex.def)             Requested size: 227.62204pt x 125.02277pt.
<./images/opGuessing.png, id=325, 905.3825pt x 491.8375pt>
File: ./images/opGuessing.png Graphic file (type png)
<use ./images/opGuessing.png>
Package pdftex.def Info: ./images/opGuessing.png  used on input line 335.
(pdftex.def)             Requested size: 227.62204pt x 123.6495pt.
Package acronym Info: Label `acro:json' newly defined as it shall be overridden

although it is yet undefined on input line 342.
 [13 <./images/initQuestion.png> <./images/opGuessing.png>]
<./images/run_client1.png, id=334, 1002.74625pt x 714.67pt>
File: ./images/run_client1.png Graphic file (type png)
<use ./images/run_client1.png>
Package pdftex.def Info: ./images/run_client1.png  used on input line 354.
(pdftex.def)             Requested size: 227.62204pt x 162.22235pt.
<./images/run_client2.png, id=335, 980.66376pt x 703.62875pt>
File: ./images/run_client2.png Graphic file (type png)
<use ./images/run_client2.png>
Package pdftex.def Info: ./images/run_client2.png  used on input line 361.
(pdftex.def)             Requested size: 227.62204pt x 163.31284pt.
 [14 <./images/run_client1.png>]
Package acronym Info: Label `acro:aes-128' newly defined as it shall be overrid
den
although it is yet undefined on input line 369.
Package acronym Info: Label `acro:ecb' newly defined as it shall be overridden
although it is yet undefined on input line 369.

Overfull \hbox (25.31694pt too wide) in paragraph at lines 376--377
[]\T1/cmr/m/n/10 No ser-vi-dor, exis-tem trÍs fun-Áıes im-ple-men-ta-das para a
 se-gu-ranÁa: \T1/cmr/bx/n/10 en-crypt_intvalue\T1/cmr/m/n/10 , \T1/cmr/bx/n/10
 de-crypt_intvalue
 []

<./images/server_seguran√ßa.png, id=349, 810.02625pt x 434.62375pt>
File: ./images/server_seguran√ßa.png Graphic file (type png)
<use ./images/server_seguran√ßa.png>
Package pdftex.def Info: ./images/server_seguran√ßa.png  used on input line 386
.
(pdftex.def)             Requested size: 227.62204pt x 122.13152pt.
[15 <./images/run_client2.png>]

LaTeX Warning: Reference `sub.run_client' on page 16 undefined on input line 39
2.


Overfull \hbox (27.95518pt too wide) in paragraph at lines 392--393
[]\T1/cmr/m/n/10 No Cli-ente, exis-tem duas fun-Áıes im-ple-men-ta-das para a s
e-gu-ranÁa: \T1/cmr/bx/n/10 en-crypt_intvalue\T1/cmr/m/n/10 , \T1/cmr/bx/n/10 d
e-crypt_intvalue\T1/cmr/m/n/10 ,
 []

<./images/cliente_seguran√ßa.png, id=362, 1354.05875pt x 354.32375pt>
File: ./images/cliente_seguran√ßa.png Graphic file (type png)
<use ./images/cliente_seguran√ßa.png>
Package pdftex.def Info: ./images/cliente_seguran√ßa.png  used on input line 40
0.
(pdftex.def)             Requested size: 227.62204pt x 59.55841pt.
[16 <./images/server_seguran√ßa.png> <./images/cliente_seguran√ßa.png>]
Cap\'{\i }tulo 3.
<./images/abrir-servidor.png, id=371, 816.04875pt x 445.665pt>
File: ./images/abrir-servidor.png Graphic file (type png)
<use ./images/abrir-servidor.png>
Package pdftex.def Info: ./images/abrir-servidor.png  used on input line 423.
(pdftex.def)             Requested size: 284.52756pt x 155.38666pt.
<./images/erro_sv_comando.png, id=372, 1226.5825pt x 418.56375pt>
File: ./images/erro_sv_comando.png Graphic file (type png)
<use ./images/erro_sv_comando.png>
Package pdftex.def Info: ./images/erro_sv_comando.png  used on input line 435.
(pdftex.def)             Requested size: 284.52756pt x 97.09152pt.
[17

 <./images/abrir-servidor.png>]
<./images/erro_cl_comando.png, id=379, 1146.2825pt x 515.9275pt>
File: ./images/erro_cl_comando.png Graphic file (type png)
<use ./images/erro_cl_comando.png>
Package pdftex.def Info: ./images/erro_cl_comando.png  used on input line 447.
(pdftex.def)             Requested size: 284.52756pt x 128.06049pt.
<./images/fechar-servidor.png, id=381, 738.76pt x 482.80376pt>
File: ./images/fechar-servidor.png Graphic file (type png)
<use ./images/fechar-servidor.png>
Package pdftex.def Info: ./images/fechar-servidor.png  used on input line 461.
(pdftex.def)             Requested size: 284.52756pt x 185.95pt.
 [18 <./images/erro_sv_comando.png> <./images/erro_cl_comando.png>]
<./images/fechar-servidor-mal.png, id=390, 1485.55pt x 488.82625pt>
File: ./images/fechar-servidor-mal.png Graphic file (type png)
<use ./images/fechar-servidor-mal.png>
Package pdftex.def Info: ./images/fechar-servidor-mal.png  used on input line 4
73.
(pdftex.def)             Requested size: 284.52756pt x 93.62383pt.
<./images/servidor-mal-fechado-kill.png, id=392, 796.9775pt x 481.8pt>
File: ./images/servidor-mal-fechado-kill.png Graphic file (type png)
<use ./images/servidor-mal-fechado-kill.png>
Package pdftex.def Info: ./images/servidor-mal-fechado-kill.png  used on input 
line 484.
(pdftex.def)             Requested size: 284.52756pt x 172.00693pt.
 [19 <./images/fechar-servidor.png> <./images/fechar-servidor-mal.png>]
<./images/servidor-varios-clientes.png, id=400, 717.68124pt x 786.94pt>
File: ./images/servidor-varios-clientes.png Graphic file (type png)
<use ./images/servidor-varios-clientes.png>
Package pdftex.def Info: ./images/servidor-varios-clientes.png  used on input l
ine 497.
(pdftex.def)             Requested size: 227.62204pt x 249.58049pt.
<./images/actividade-recente.png, id=401, 1493.58pt x 670.505pt>
File: ./images/actividade-recente.png Graphic file (type png)
<use ./images/actividade-recente.png>
Package pdftex.def Info: ./images/actividade-recente.png  used on input line 50
6.
(pdftex.def)             Requested size: 284.52756pt x 127.72467pt.
 [20 <./images/servidor-mal-fechado-kill.png> <./images/servidor-varios-cliente
s.png>]
<./images/cliente-muda-id.png, id=408, 918.43124pt x 775.89874pt>
File: ./images/cliente-muda-id.png Graphic file (type png)
<use ./images/cliente-muda-id.png>
Package pdftex.def Info: ./images/cliente-muda-id.png  used on input line 517.
(pdftex.def)             Requested size: 183.68298pt x 155.177pt.
<./images/cliente-n√£o-muda-id.png, id=409, 919.435pt x 778.91pt>
File: ./images/cliente-n√£o-muda-id.png Graphic file (type png)
<use ./images/cliente-n√£o-muda-id.png>
Package pdftex.def Info: ./images/cliente-n√£o-muda-id.png  used on input line 
523.
(pdftex.def)             Requested size: 183.88374pt x 155.77924pt.
<./images/cliente-muda-id-sem-acento.png, id=411, 1513.655pt x 931.48pt>
File: ./images/cliente-muda-id-sem-acento.png Graphic file (type png)
<use ./images/cliente-muda-id-sem-acento.png>
Package pdftex.def Info: ./images/cliente-muda-id-sem-acento.png  used on input
 line 535.
(pdftex.def)             Requested size: 341.43306pt x 210.11406pt.
 [21 <./images/actividade-recente.png> <./images/cliente-muda-id.png> <./images
/cliente-n√£o-muda-id.png>]
<./images/func_guess.png, id=420, 855.195pt x 505.89pt>
File: ./images/func_guess.png Graphic file (type png)
<use ./images/func_guess.png>
Package pdftex.def Info: ./images/func_guess.png  used on input line 545.
(pdftex.def)             Requested size: 341.43306pt x 201.97417pt.
<./images/jogo-ganha-y.png, id=421, 784.9325pt x 813.0375pt>
File: ./images/jogo-ganha-y.png Graphic file (type png)
<use ./images/jogo-ganha-y.png>
Package pdftex.def Info: ./images/jogo-ganha-y.png  used on input line 556.
(pdftex.def)             Requested size: 156.98372pt x 162.60461pt.
<./images/jogo-ganha-n.png, id=422, 766.865pt x 883.3pt>
File: ./images/jogo-ganha-n.png Graphic file (type png)
<use ./images/jogo-ganha-n.png>
Package pdftex.def Info: ./images/jogo-ganha-n.png  used on input line 562.
(pdftex.def)             Requested size: 153.37029pt x 176.65686pt.
<./images/jogo-ganha-ultima.png, id=423, 1448.41125pt x 973.6375pt>
File: ./images/jogo-ganha-ultima.png Graphic file (type png)
<use ./images/jogo-ganha-ultima.png>
Package pdftex.def Info: ./images/jogo-ganha-ultima.png  used on input line 568
.
(pdftex.def)             Requested size: 173.80185pt x 116.83145pt.
<./images/jogo-perde.png, id=424, 820.06375pt x 609.27625pt>
File: ./images/jogo-perde.png Graphic file (type png)
<use ./images/jogo-perde.png>
Package pdftex.def Info: ./images/jogo-perde.png  used on input line 574.
(pdftex.def)             Requested size: 164.00984pt x 121.85309pt.
 [22 <./images/cliente-muda-id-sem-acento.png> <./images/func_guess.png>]
<./images/func_quit.png, id=431, 768.8725pt x 322.20375pt>
File: ./images/func_quit.png Graphic file (type png)
<use ./images/func_quit.png>
Package pdftex.def Info: ./images/func_quit.png  used on input line 587.
(pdftex.def)             Requested size: 341.43306pt x 143.08276pt.
 [23 <./images/jogo-ganha-y.png> <./images/jogo-ganha-n.png> <./images/jogo-gan
ha-ultima.png> <./images/jogo-perde.png>]
<./images/test1.png, id=441, 631.35875pt x 246.9225pt>
File: ./images/test1.png Graphic file (type png)
<use ./images/test1.png>
Package pdftex.def Info: ./images/test1.png  used on input line 602.
(pdftex.def)             Requested size: 341.43306pt x 133.53584pt.
<./images/test2.png, id=442, 631.35875pt x 239.89626pt>
File: ./images/test2.png Graphic file (type png)
<use ./images/test2.png>
Package pdftex.def Info: ./images/test2.png  used on input line 609.
(pdftex.def)             Requested size: 341.43306pt x 129.73604pt.
 [24 <./images/func_quit.png> <./images/test1.png>]
<./images/test3.png, id=450, 635.37375pt x 241.90375pt>
File: ./images/test3.png Graphic file (type png)
<use ./images/test3.png>
Package pdftex.def Info: ./images/test3.png  used on input line 616.
(pdftex.def)             Requested size: 341.43306pt x 129.99489pt.
<./images/test4.png, id=451, 922.44624pt x 291.0875pt>
File: ./images/test4.png Graphic file (type png)
<use ./images/test4.png>
Package pdftex.def Info: ./images/test4.png  used on input line 625.
(pdftex.def)             Requested size: 341.43306pt x 107.74065pt.
<./images/test5.png, id=452, 631.35875pt x 293.095pt>
File: ./images/test5.png Graphic file (type png)
<use ./images/test5.png>
Package pdftex.def Info: ./images/test5.png  used on input line 634.
(pdftex.def)             Requested size: 341.43306pt x 158.50597pt.
 [25 <./images/test2.png> <./images/test3.png> <./images/test4.png>]
Underfull \hbox (badness 10000) in paragraph at lines 646--648

 []

[26 <./images/test5.png>]
Cap\'{\i }tulo 4.

Underfull \hbox (badness 10000) in paragraph at lines 657--660

 []

[27

] [28

]
Package atveryend Info: Empty hook `BeforeClearDocument' on input line 711.
 [29

]
Package atveryend Info: Empty hook `AfterLastShipout' on input line 711.
 (./Relatorio.aux)
Package atveryend Info: Executing hook `AtVeryEndDocument' on input line 711.
Package atveryend Info: Executing hook `AtEndAfterFileList' on input line 711.
Package rerunfilecheck Info: File `Relatorio.out' has not changed.
(rerunfilecheck)             Checksum: D1329787545DD4EB4D5D51FDECB0059B;731.


LaTeX Warning: There were undefined references.

Package logreq Info: Writing requests to 'Relatorio.run.xml'.
\openout1 = `Relatorio.run.xml'.

 ) 
Here is how much of TeX's memory you used:
 19341 strings out of 483049
 320928 string characters out of 5962915
 1007266 words of memory out of 5000000
 33917 multiletter control sequences out of 15000+600000
 550467 words of font info for 55 fonts, out of 8000000 for 9000
 83 hyphenation exceptions out of 8191
 58i,11n,98p,915b,2034s stack positions out of 5000i,500n,10000p,200000b,80000s
 </home/jv/.texlive2019/texmf-var/fonts/pk/ljfour/jknappen/ec/tcti0900.600pk>
 </home/jv/.texlive2019/texmf-var/fonts/pk/ljfour/jknappen/ec/ecrm0800.600pk> <
/home/jv/.texlive2019/texmf-var/fonts/pk/ljfour/jknappen/ec/ecsl1200.600pk> </h
ome/jv/.texlive2019/texmf-var/fonts/pk/ljfour/jknappen/ec/ecbx1200.600pk> </hom
e/jv/.texlive2019/texmf-var/fonts/pk/ljfour/jknappen/ec/ecbl1000.600pk> </home/
jv/.texlive2019/texmf-var/fonts/pk/ljfour/jknappen/ec/ecbi0900.600pk> </home/jv
/.texlive2019/texmf-var/fonts/pk/ljfour/jknappen/ec/ecti0900.600pk> </home/jv/.
texlive2019/texmf-var/fonts/pk/ljfour/jknappen/ec/ecsl1440.600pk> </home/jv/.te
xlive2019/texmf-var/fonts/pk/ljfour/jknappen/ec/ecsl1000.600pk> </home/jv/.texl
ive2019/texmf-var/fonts/pk/ljfour/jknappen/ec/tcrm1000.600pk> </home/jv/.texliv
e2019/texmf-var/fonts/pk/ljfour/jknappen/ec/ecbx1440.600pk> </home/jv/.texlive2
019/texmf-var/fonts/pk/ljfour/jknappen/ec/ecti1000.600pk> </home/jv/.texlive201
9/texmf-var/fonts/pk/ljfour/jknappen/ec/ecbx2488.600pk> </home/jv/.texlive2019/
texmf-var/fonts/pk/ljfour/jknappen/ec/ecbx1000.600pk> </home/jv/.texlive2019/te
xmf-var/fonts/pk/ljfour/jknappen/ec/ecrm0900.600pk> </home/jv/.texlive2019/texm
f-var/fonts/pk/ljfour/jknappen/ec/tcrm1200.600pk> </home/jv/.texlive2019/texmf-
var/fonts/pk/ljfour/jknappen/ec/ecbx2074.600pk> </home/jv/.texlive2019/texmf-va
r/fonts/pk/ljfour/jknappen/ec/ecrm1000.600pk> </home/jv/.texlive2019/texmf-var/
fonts/pk/ljfour/jknappen/ec/ecrm1200.600pk> </home/jv/.texlive2019/texmf-var/fo
nts/pk/ljfour/jknappen/ec/ecrm1440.600pk> </home/jv/.texlive2019/texmf-var/font
s/pk/ljfour/jknappen/ec/ecrm2488.600pk>
Output written on Relatorio.pdf (36 pages, 2628179 bytes).
PDF statistics:
 1273 PDF objects out of 1440 (max. 8388607)
 450 compressed objects within 5 object streams
 124 named destinations out of 1000 (max. 500000)
 317 words of extra memory for PDF output out of 10000 (max. 10000000)

