\BOOKMARK [0][-]{chapter.1}{Introdu\347\343o}{}% 1
\BOOKMARK [1][-]{section.1.1}{Introdu\347\343o An\341loga: E se um PC fosse uma Pessoa?}{chapter.1}% 2
\BOOKMARK [0][-]{chapter.2}{Ferramentas e Cuidados Essenciais}{}% 3
\BOOKMARK [1][-]{section.2.1}{Ferramentas}{chapter.2}% 4
\BOOKMARK [1][-]{section.2.2}{Cuidados Essenciais}{chapter.2}% 5
\BOOKMARK [1][-]{section.2.3}{Limpeza}{chapter.2}% 6
\BOOKMARK [0][-]{chapter.3}{Motherboard}{}% 7
\BOOKMARK [0][-]{chapter.4}{Processador}{}% 8
\BOOKMARK [0][-]{chapter.5}{Sistemas de Refrigera\347\343o}{}% 9
\BOOKMARK [0][-]{chapter.6}{Placas Gr\341ficas}{}% 10
\BOOKMARK [1][-]{section.6.1}{On-Board}{chapter.6}% 11
\BOOKMARK [1][-]{section.6.2}{Off-Board}{chapter.6}% 12
\BOOKMARK [0][-]{chapter.7}{Mem\363ria RAM}{}% 13
\BOOKMARK [1][-]{section.7.1}{Diferen\347as entre os tipos de mem\363ria}{chapter.7}% 14
\BOOKMARK [0][-]{chapter.8}{Mem\363ria Interna de Armazenamento}{}% 15
\BOOKMARK [1][-]{section.8.1}{HDD}{chapter.8}% 16
\BOOKMARK [1][-]{section.8.2}{SSD}{chapter.8}% 17
\BOOKMARK [2][-]{subsection.8.2.1}{Vantagens}{section.8.2}% 18
\BOOKMARK [2][-]{subsection.8.2.2}{Desvantagens}{section.8.2}% 19
\BOOKMARK [0][-]{chapter.9}{Fontes de Alimenta\347\343o}{}% 20
\BOOKMARK [0][-]{chapter.10}{Caixas de PC}{}% 21
\BOOKMARK [0][-]{chapter.11}{Monitores}{}% 22
\BOOKMARK [1][-]{section.11.1}{Monitores LCD}{chapter.11}% 23
\BOOKMARK [2][-]{subsection.11.1.1}{Monitores de Plasma}{section.11.1}% 24
\BOOKMARK [2][-]{subsection.11.1.2}{Monitores LED}{section.11.1}% 25
\BOOKMARK [2][-]{subsection.11.1.3}{Sa\372de Ocular}{section.11.1}% 26
